{"meta": {"version": "7.3.2", "timestamp": "2025-08-21T19:16:17.363413", "branch_coverage": false, "show_contexts": false}, "files": {"src/__init__.py": {"executed_lines": [1, 5, 6], "summary": {"covered_lines": 2, "num_statements": 2, "percent_covered": 100.0, "percent_covered_display": "100", "missing_lines": 0, "excluded_lines": 0}, "missing_lines": [], "excluded_lines": []}, "src/analysis/__init__.py": {"executed_lines": [1, 6, 7, 8, 9, 11], "summary": {"covered_lines": 5, "num_statements": 5, "percent_covered": 100.0, "percent_covered_display": "100", "missing_lines": 0, "excluded_lines": 0}, "missing_lines": [], "excluded_lines": []}, "src/analysis/advanced_analytics.py": {"executed_lines": [3, 9, 10, 12, 17, 18, 20, 25, 26, 27, 28, 29, 31, 34, 35, 37, 42, 75, 105, 142, 202, 219, 235, 261, 271, 296, 320, 334, 354, 377, 392, 408, 424, 442], "summary": {"covered_lines": 33, "num_statements": 231, "percent_covered": 14.285714285714286, "percent_covered_display": "14", "missing_lines": 198, "excluded_lines": 0}, "missing_lines": [13, 14, 15, 21, 22, 23, 38, 39, 40, 44, 45, 46, 49, 52, 55, 58, 60, 71, 72, 73, 77, 78, 81, 84, 85, 86, 87, 88, 91, 92, 94, 101, 102, 103, 107, 108, 109, 112, 113, 115, 116, 117, 120, 123, 126, 128, 138, 139, 140, 144, 145, 148, 149, 159, 160, 170, 171, 181, 182, 191, 198, 199, 200, 204, 206, 207, 208, 209, 210, 213, 214, 215, 217, 221, 222, 224, 225, 226, 227, 228, 231, 232, 233, 237, 238, 240, 243, 245, 246, 247, 250, 252, 254, 255, 256, 257, 259, 263, 264, 266, 267, 269, 273, 275, 276, 277, 279, 280, 282, 283, 285, 286, 294, 298, 301, 302, 303, 305, 306, 307, 308, 309, 318, 322, 323, 325, 326, 328, 329, 330, 332, 336, 337, 339, 340, 342, 343, 345, 347, 348, 349, 350, 352, 357, 359, 360, 361, 363, 364, 365, 368, 369, 371, 379, 380, 383, 384, 385, 388, 390, 394, 395, 397, 399, 400, 401, 402, 403, 404, 406, 410, 411, 414, 416, 417, 418, 419, 421, 422, 426, 429, 431, 432, 434, 435, 437, 438, 440, 444, 445, 447, 450, 451, 454, 455, 457, 458, 460], "excluded_lines": []}, "src/analysis/advanced_packet_analyzer.py": {"executed_lines": [], "summary": {"covered_lines": 0, "num_statements": 188, "percent_covered": 0.0, "percent_covered_display": "0", "missing_lines": 188, "excluded_lines": 0}, "missing_lines": [2, 7, 8, 9, 10, 11, 12, 14, 16, 19, 20, 23, 24, 25, 26, 27, 28, 29, 30, 31, 32, 33, 34, 37, 40, 42, 48, 49, 50, 52, 59, 62, 65, 68, 69, 72, 73, 76, 77, 79, 81, 83, 84, 85, 87, 89, 91, 92, 93, 94, 95, 96, 98, 100, 102, 104, 105, 107, 108, 109, 111, 113, 115, 116, 118, 121, 122, 123, 126, 129, 131, 143, 144, 146, 148, 151, 152, 157, 158, 163, 164, 172, 178, 180, 181, 184, 187, 188, 191, 192, 194, 196, 207, 208, 209, 211, 214, 217, 219, 220, 221, 222, 223, 225, 236, 239, 240, 243, 244, 247, 250, 253, 256, 284, 285, 287, 289, 291, 303, 305, 307, 308, 315, 316, 317, 318, 319, 322, 324, 333, 335, 336, 337, 338, 340, 341, 343, 344, 346, 350, 353, 354, 365, 366, 367, 379, 382, 383, 385, 387, 389, 391, 392, 394, 395, 396, 398, 399, 400, 402, 404, 406, 407, 409, 412, 413, 414, 415, 418, 419, 420, 422, 424, 439, 441, 443, 444, 445, 446, 447, 448, 449, 450, 452, 454, 456, 458, 460], "excluded_lines": []}, "src/analysis/analyzer.py": {"executed_lines": [1, 6, 8, 11, 12, 14, 16, 17, 19, 59, 94, 95, 97, 102, 123, 147, 148, 150, 155, 180, 213], "summary": {"covered_lines": 17, "num_statements": 72, "percent_covered": 23.61111111111111, "percent_covered_display": "24", "missing_lines": 55, "excluded_lines": 0}, "missing_lines": [32, 33, 36, 53, 55, 56, 57, 69, 70, 73, 87, 89, 90, 91, 99, 100, 112, 113, 119, 120, 121, 133, 134, 135, 142, 143, 144, 152, 153, 165, 166, 167, 169, 176, 177, 178, 191, 193, 194, 196, 197, 198, 199, 200, 202, 203, 207, 209, 210, 211, 225, 226, 239, 240, 241], "excluded_lines": []}, "src/analysis/components/__init__.py": {"executed_lines": [1, 8, 9, 10, 11, 12, 14], "summary": {"covered_lines": 6, "num_statements": 6, "percent_covered": 100.0, "percent_covered_display": "100", "missing_lines": 0, "excluded_lines": 0}, "missing_lines": [], "excluded_lines": []}, "src/analysis/components/data_loader.py": {"executed_lines": [1, 7, 9, 12, 13, 15, 36, 59, 69, 106, 146, 150, 154, 158, 162, 166, 170], "summary": {"covered_lines": 15, "num_statements": 94, "percent_covered": 15.957446808510639, "percent_covered_display": "16", "missing_lines": 79, "excluded_lines": 0}, "missing_lines": [23, 24, 25, 28, 29, 30, 31, 32, 33, 34, 46, 47, 48, 49, 50, 52, 53, 55, 56, 57, 61, 62, 63, 64, 65, 66, 67, 71, 73, 76, 77, 78, 79, 81, 84, 85, 86, 87, 90, 92, 93, 96, 97, 98, 99, 102, 104, 113, 114, 115, 117, 118, 119, 120, 121, 123, 125, 126, 127, 128, 130, 131, 132, 133, 135, 136, 137, 138, 140, 142, 143, 144, 148, 152, 156, 160, 164, 168, 172], "excluded_lines": []}, "src/analysis/components/path_tracer.py": {"executed_lines": [1, 7, 9, 11, 14, 15, 17, 27, 73, 102, 141, 197, 228, 263], "summary": {"covered_lines": 12, "num_statements": 121, "percent_covered": 9.917355371900827, "percent_covered_display": "10", "missing_lines": 109, "excluded_lines": 0}, "missing_lines": [24, 25, 39, 41, 42, 43, 50, 53, 56, 66, 67, 69, 70, 71, 75, 76, 78, 79, 80, 83, 84, 85, 86, 87, 92, 93, 96, 98, 99, 100, 104, 105, 106, 107, 109, 110, 112, 114, 115, 116, 118, 120, 123, 124, 127, 128, 129, 131, 132, 133, 135, 137, 138, 139, 143, 146, 147, 158, 159, 161, 162, 163, 164, 166, 167, 168, 169, 171, 173, 186, 195, 207, 208, 209, 211, 214, 215, 216, 217, 226, 242, 243, 244, 245, 248, 249, 252, 253, 254, 257, 258, 259, 261, 273, 274, 275, 277, 279, 280, 281, 283, 284, 291, 293, 294, 295, 296, 298, 300], "excluded_lines": []}, "src/analysis/components/policy_analyzer.py": {"executed_lines": [1, 7, 9, 12, 13, 15, 27, 81, 119, 141, 163, 187, 223, 263], "summary": {"covered_lines": 12, "num_statements": 100, "percent_covered": 12.0, "percent_covered_display": "12", "missing_lines": 88, "excluded_lines": 0}, "missing_lines": [23, 24, 25, 41, 42, 43, 49, 52, 53, 54, 57, 59, 68, 69, 72, 96, 98, 99, 102, 103, 106, 107, 110, 111, 113, 115, 116, 117, 121, 122, 123, 125, 126, 127, 128, 131, 132, 135, 136, 137, 139, 143, 144, 145, 147, 148, 149, 150, 153, 154, 157, 158, 159, 161, 165, 166, 167, 169, 170, 171, 172, 175, 176, 179, 180, 183, 185, 201, 202, 203, 205, 207, 208, 209, 221, 233, 234, 235, 237, 240, 242, 243, 244, 245, 261, 279, 280, 284], "excluded_lines": []}, "src/analysis/components/rule_validator.py": {"executed_lines": [1, 7, 9, 11, 14, 15, 17, 27, 57, 69, 80, 121, 128, 132, 140, 173, 192, 234, 241, 245], "summary": {"covered_lines": 18, "num_statements": 127, "percent_covered": 14.173228346456693, "percent_covered_display": "14", "missing_lines": 109, "excluded_lines": 0}, "missing_lines": [24, 25, 39, 40, 42, 43, 44, 45, 46, 48, 50, 51, 53, 54, 55, 59, 62, 63, 64, 65, 67, 71, 72, 74, 75, 76, 78, 92, 93, 94, 95, 98, 99, 100, 101, 104, 106, 107, 110, 111, 112, 115, 116, 117, 119, 123, 124, 125, 126, 130, 134, 135, 136, 137, 138, 153, 155, 156, 157, 160, 161, 162, 163, 164, 165, 167, 169, 170, 171, 175, 176, 179, 180, 181, 182, 183, 186, 187, 188, 189, 190, 205, 206, 207, 208, 211, 212, 213, 214, 217, 219, 220, 223, 224, 225, 228, 229, 230, 232, 236, 237, 238, 239, 243, 247, 248, 249, 250, 251], "excluded_lines": []}, "src/analysis/components/session_manager.py": {"executed_lines": [1, 7, 8, 10, 12, 15, 16, 18, 24, 52, 78, 82], "summary": {"covered_lines": 10, "num_statements": 38, "percent_covered": 26.31578947368421, "percent_covered_display": "26", "missing_lines": 28, "excluded_lines": 0}, "missing_lines": [20, 21, 22, 35, 36, 38, 49, 50, 62, 63, 64, 66, 69, 70, 71, 72, 75, 76, 80, 94, 95, 96, 99, 105, 108, 109, 111, 112], "excluded_lines": []}, "src/analysis/fixed_path_analyzer.py": {"executed_lines": [3, 8, 9, 12, 13, 15, 17, 26, 119, 147, 149, 150, 151, 152, 155, 156, 161, 163, 164, 167, 169, 171, 175, 176, 177, 179, 180, 183, 184, 190, 191, 195, 200, 202, 205, 206, 209, 222, 228, 239, 240, 241, 242, 243, 244, 248, 251, 261, 263, 264, 266, 268, 271, 274, 275, 276, 289, 292, 293, 324, 326, 328, 330, 356, 365, 374, 383, 387], "summary": {"covered_lines": 67, "num_statements": 93, "percent_covered": 72.04301075268818, "percent_covered_display": "72", "missing_lines": 26, "excluded_lines": 0}, "missing_lines": [154, 157, 158, 159, 170, 172, 181, 185, 186, 187, 192, 198, 210, 245, 246, 249, 265, 331, 343, 344, 345, 346, 347, 354, 366, 375], "excluded_lines": []}, "src/analysis/visualizer.py": {"executed_lines": [1, 3, 6, 7, 13, 17, 19, 135, 183, 235, 242, 249, 256, 295, 308], "summary": {"covered_lines": 14, "num_statements": 119, "percent_covered": 11.764705882352942, "percent_covered_display": "12", "missing_lines": 105, "excluded_lines": 0}, "missing_lines": [29, 30, 31, 32, 35, 42, 43, 44, 47, 57, 66, 67, 70, 72, 73, 74, 75, 76, 79, 82, 83, 84, 85, 86, 88, 89, 99, 110, 113, 115, 117, 129, 131, 132, 133, 145, 146, 147, 148, 150, 152, 153, 154, 155, 156, 157, 158, 159, 161, 163, 175, 177, 179, 180, 181, 193, 194, 195, 196, 198, 200, 201, 202, 203, 205, 206, 209, 227, 229, 231, 232, 233, 237, 238, 240, 244, 245, 247, 251, 252, 254, 266, 267, 283, 285, 286, 287, 305, 318, 319, 322, 323, 326, 332, 333, 334, 344, 345, 346, 356, 357, 359, 361, 362, 363], "excluded_lines": []}, "src/api/__init__.py": {"executed_lines": [1], "summary": {"covered_lines": 0, "num_statements": 0, "percent_covered": 100.0, "percent_covered_display": "100", "missing_lines": 0, "excluded_lines": 0}, "missing_lines": [], "excluded_lines": []}, "src/api/advanced_fortigate_api.py": {"executed_lines": [2, 16, 17, 18, 19, 21, 22, 23, 25, 26, 28, 31, 32, 34, 86, 126, 139, 193, 214, 242, 272, 298, 323, 339, 355, 378, 408, 417, 452, 500, 534, 568, 584, 600, 624, 691, 744, 758, 782, 792, 811, 852, 855, 860, 873], "summary": {"covered_lines": 44, "num_statements": 392, "percent_covered": 11.224489795918368, "percent_covered_display": "11", "missing_lines": 348, "excluded_lines": 0}, "missing_lines": [58, 60, 61, 62, 63, 64, 65, 66, 67, 70, 73, 76, 84, 89, 96, 97, 98, 101, 110, 111, 112, 113, 115, 117, 120, 121, 122, 124, 128, 129, 131, 132, 133, 134, 135, 136, 137, 155, 156, 158, 159, 161, 163, 164, 168, 171, 172, 175, 177, 178, 180, 181, 182, 183, 184, 185, 186, 187, 188, 189, 190, 191, 195, 196, 198, 200, 203, 204, 205, 206, 210, 225, 226, 228, 229, 231, 232, 233, 235, 236, 238, 239, 240, 253, 254, 257, 258, 260, 261, 263, 264, 265, 266, 268, 269, 270, 286, 287, 289, 290, 291, 292, 294, 295, 296, 309, 310, 312, 313, 314, 315, 317, 318, 319, 325, 326, 328, 329, 330, 332, 333, 335, 336, 337, 341, 342, 344, 345, 346, 348, 349, 351, 352, 353, 357, 358, 361, 362, 364, 365, 367, 368, 369, 370, 372, 373, 374, 389, 390, 392, 393, 394, 397, 401, 402, 404, 405, 406, 411, 413, 428, 435, 436, 437, 439, 441, 442, 443, 445, 446, 448, 449, 450, 467, 468, 470, 472, 475, 482, 483, 484, 485, 488, 489, 492, 494, 495, 496, 514, 516, 518, 520, 521, 523, 524, 525, 527, 528, 530, 531, 532, 543, 545, 546, 547, 548, 549, 551, 553, 554, 555, 558, 560, 562, 563, 564, 570, 571, 573, 574, 575, 577, 578, 580, 581, 582, 586, 587, 589, 590, 591, 593, 594, 596, 597, 598, 604, 605, 606, 608, 609, 611, 612, 613, 615, 616, 618, 619, 620, 636, 637, 639, 641, 642, 645, 656, 658, 659, 662, 663, 666, 667, 670, 671, 674, 675, 676, 677, 678, 681, 682, 684, 685, 687, 688, 689, 704, 705, 707, 709, 711, 713, 714, 715, 717, 718, 719, 720, 730, 733, 735, 736, 738, 739, 740, 746, 748, 749, 751, 753, 754, 756, 760, 761, 764, 766, 768, 775, 776, 778, 779, 780, 784, 785, 786, 802, 803, 805, 806, 808, 824, 826, 827, 828, 830, 831, 832, 833, 834, 835, 836, 837, 838, 840, 842, 844, 845, 847, 857, 864, 865, 867, 868, 870, 877, 878, 879, 880], "excluded_lines": []}, "src/api/clients/__init__.py": {"executed_lines": [1], "summary": {"covered_lines": 0, "num_statements": 0, "percent_covered": 100.0, "percent_covered_display": "100", "missing_lines": 0, "excluded_lines": 0}, "missing_lines": [], "excluded_lines": []}, "src/api/clients/base_api_client.py": {"executed_lines": [2, 7, 8, 9, 10, 11, 13, 15, 16, 20, 21, 26, 27, 28, 30, 32, 59, 60, 61, 62, 63, 64, 65, 66, 67, 70, 73, 74, 88, 89, 90, 91, 92, 93, 96, 99, 101, 107, 109, 112, 113, 116, 119, 120, 121, 123, 126, 129, 131, 148, 151, 152, 158, 161, 162, 164, 166, 176, 185, 187, 188, 193, 195, 211, 212, 213, 214, 269, 289, 299, 302, 303, 305, 306, 309, 310, 311, 313, 315, 316, 318, 319, 321, 323, 333, 336, 337, 345, 346, 347, 348, 350, 352, 394, 429, 430, 432, 434, 435, 436, 439, 440, 441, 442, 445, 446, 448, 456, 460, 461, 462, 465, 466, 467, 469, 471, 474, 475, 478, 479, 481, 483, 490, 491, 493, 495, 497, 498, 499, 502, 503, 504, 519, 521, 528, 529, 539, 540, 542, 543, 544, 546, 547, 565, 566, 567, 570, 577, 584, 586, 588, 589, 592, 598, 599, 600, 601, 602, 604, 606, 607, 609, 613, 614, 619, 621, 628, 630, 631, 633, 636, 639, 640, 643, 646, 655, 656, 658, 659, 664, 668, 669, 672, 673, 676, 677, 680, 681], "summary": {"covered_lines": 182, "num_statements": 296, "percent_covered": 61.486486486486484, "percent_covered_display": "61", "missing_lines": 114, "excluded_lines": 0}, "missing_lines": [75, 77, 79, 80, 81, 82, 83, 84, 85, 102, 103, 104, 141, 142, 145, 146, 221, 222, 225, 226, 229, 230, 231, 232, 233, 234, 235, 237, 239, 249, 250, 252, 255, 256, 262, 264, 266, 267, 279, 281, 282, 283, 284, 285, 287, 300, 307, 312, 314, 334, 360, 361, 362, 365, 366, 369, 370, 372, 374, 375, 376, 378, 383, 384, 386, 392, 402, 403, 406, 409, 411, 412, 413, 416, 417, 419, 421, 422, 423, 425, 426, 457, 458, 472, 505, 506, 509, 510, 511, 512, 514, 515, 516, 549, 552, 553, 556, 557, 560, 561, 563, 593, 594, 595, 610, 611, 616, 617, 648, 650, 651, 652, 660, 662], "excluded_lines": []}, "src/api/clients/faz_client.py": {"executed_lines": [2, 7, 8, 9, 11, 13, 16, 17, 22, 40, 43, 44, 45, 46, 49, 50, 53, 65, 66, 75, 77, 80, 82, 127, 169, 197, 222, 287, 328, 337, 353, 365, 380, 417, 429, 468], "summary": {"covered_lines": 35, "num_statements": 176, "percent_covered": 19.886363636363637, "percent_covered_display": "20", "missing_lines": 141, "excluded_lines": 0}, "missing_lines": [103, 105, 112, 113, 114, 115, 118, 119, 122, 123, 125, 135, 136, 137, 140, 141, 142, 145, 152, 154, 156, 157, 158, 159, 160, 161, 163, 164, 166, 167, 176, 177, 180, 182, 184, 185, 186, 187, 188, 191, 192, 193, 194, 195, 205, 206, 208, 210, 212, 213, 214, 215, 216, 217, 219, 220, 237, 238, 239, 242, 251, 253, 254, 255, 256, 259, 260, 263, 264, 265, 266, 267, 268, 270, 271, 274, 275, 276, 278, 279, 281, 282, 284, 285, 298, 300, 326, 335, 350, 351, 363, 376, 377, 387, 388, 389, 392, 393, 394, 397, 398, 400, 401, 404, 405, 409, 412, 413, 414, 424, 425, 426, 436, 437, 445, 446, 447, 448, 451, 452, 453, 462, 464, 465, 466, 478, 479, 481, 483, 484, 485, 486, 488, 490, 493, 494, 497, 500, 502, 503, 504], "excluded_lines": []}, "src/api/clients/fortigate_api_client.py": {"executed_lines": [2, 7, 8, 9, 11, 13, 16, 17, 23, 24, 26, 49, 62, 63, 66, 68, 69, 71, 74, 77, 80, 81, 84, 87, 88, 91, 92, 94, 95, 101, 102, 104, 108, 112, 123, 127, 131, 136, 145, 179, 210, 231, 252, 273, 294, 315, 336, 357, 378, 399, 420, 442, 490, 492, 494, 495, 497, 498, 500, 505, 528, 544, 561, 571, 578, 606, 626, 642, 660, 700, 726, 750], "summary": {"covered_lines": 71, "num_statements": 290, "percent_covered": 24.482758620689655, "percent_covered_display": "24", "missing_lines": 219, "excluded_lines": 0}, "missing_lines": [70, 96, 97, 98, 106, 110, 114, 115, 116, 117, 118, 119, 120, 121, 125, 129, 133, 143, 152, 153, 154, 155, 157, 158, 164, 165, 166, 167, 169, 173, 175, 176, 177, 186, 187, 188, 189, 191, 192, 198, 199, 200, 201, 203, 204, 206, 207, 208, 217, 225, 226, 228, 229, 238, 246, 247, 249, 250, 259, 267, 268, 270, 271, 280, 288, 289, 291, 292, 301, 309, 310, 312, 313, 322, 330, 331, 333, 334, 343, 351, 352, 354, 355, 364, 372, 373, 375, 376, 385, 393, 394, 396, 397, 406, 414, 415, 417, 418, 427, 435, 436, 438, 439, 449, 451, 458, 466, 467, 468, 476, 479, 482, 484, 486, 487, 488, 501, 502, 503, 507, 508, 510, 512, 515, 516, 517, 518, 519, 523, 524, 525, 526, 530, 531, 533, 534, 535, 536, 537, 538, 539, 540, 542, 546, 548, 553, 554, 555, 556, 557, 558, 559, 564, 565, 567, 568, 569, 574, 575, 576, 580, 581, 583, 585, 586, 587, 590, 593, 596, 597, 598, 600, 602, 603, 604, 608, 610, 611, 622, 624, 628, 629, 631, 632, 633, 634, 635, 636, 637, 638, 640, 644, 646, 672, 678, 686, 687, 688, 689, 695, 697, 698, 710, 718, 719, 720, 721, 723, 724, 736, 744, 745, 747, 748, 760, 768, 770, 772, 773], "excluded_lines": []}, "src/api/clients/fortimanager/__init__.py": {"executed_lines": [2, 7, 8, 9, 10, 11, 13], "summary": {"covered_lines": 7, "num_statements": 7, "percent_covered": 100.0, "percent_covered_display": "100", "missing_lines": 0, "excluded_lines": 0}, "missing_lines": [], "excluded_lines": []}, "src/api/clients/fortimanager/advanced_features.py": {"executed_lines": [2, 7, 8, 9, 11, 14, 15, 17, 155, 183, 207, 240, 271], "summary": {"covered_lines": 12, "num_statements": 102, "percent_covered": 11.764705882352942, "percent_covered_display": "12", "missing_lines": 90, "excluded_lines": 0}, "missing_lines": [40, 42, 43, 44, 47, 48, 49, 50, 53, 54, 64, 77, 78, 80, 82, 83, 85, 88, 96, 97, 98, 112, 113, 115, 116, 124, 125, 126, 129, 130, 131, 132, 133, 134, 136, 138, 140, 142, 144, 145, 146, 157, 158, 160, 161, 162, 173, 179, 180, 181, 185, 186, 188, 189, 190, 200, 201, 203, 204, 205, 211, 213, 214, 215, 217, 219, 221, 222, 223, 230, 236, 237, 238, 242, 243, 245, 246, 247, 261, 267, 268, 269, 284, 285, 288, 289, 292, 293, 297, 301], "excluded_lines": []}, "src/api/clients/fortimanager/auth_connection.py": {"executed_lines": [2, 7, 8, 10, 13, 14, 16, 30, 94, 144, 178, 196], "summary": {"covered_lines": 11, "num_statements": 85, "percent_covered": 12.941176470588236, "percent_covered_display": "13", "missing_lines": 74, "excluded_lines": 0}, "missing_lines": [18, 19, 21, 28, 32, 34, 36, 37, 39, 41, 47, 53, 60, 61, 62, 64, 65, 68, 69, 71, 72, 79, 80, 85, 90, 91, 92, 96, 98, 105, 112, 113, 114, 115, 116, 126, 127, 132, 137, 138, 139, 146, 148, 154, 155, 161, 162, 163, 164, 166, 171, 172, 173, 180, 181, 182, 183, 189, 190, 191, 198, 199, 200, 205, 212, 219, 221, 222, 223, 225, 230, 235, 236, 237], "excluded_lines": []}, "src/api/clients/fortimanager/device_management.py": {"executed_lines": [2, 7, 8, 10, 13, 14, 16, 21, 45, 73, 105, 143, 178], "summary": {"covered_lines": 12, "num_statements": 72, "percent_covered": 16.666666666666668, "percent_covered_display": "17", "missing_lines": 60, "excluded_lines": 0}, "missing_lines": [18, 19, 23, 24, 25, 26, 27, 28, 29, 39, 40, 41, 42, 43, 47, 48, 49, 51, 52, 53, 65, 69, 70, 71, 75, 76, 82, 88, 89, 95, 101, 102, 103, 113, 114, 120, 126, 127, 133, 139, 140, 141, 147, 148, 154, 160, 161, 168, 174, 175, 176, 187, 188, 194, 200, 201, 207, 213, 214, 215], "excluded_lines": []}, "src/api/clients/fortimanager/package_management.py": {"executed_lines": [], "summary": {"covered_lines": 0, "num_statements": 148, "percent_covered": 0.0, "percent_covered_display": "0", "missing_lines": 148, "excluded_lines": 0}, "missing_lines": [2, 7, 8, 9, 11, 14, 17, 27, 28, 30, 31, 32, 34, 35, 47, 53, 55, 56, 57, 59, 70, 71, 80, 81, 84, 86, 101, 106, 107, 108, 110, 129, 131, 132, 133, 135, 151, 153, 154, 160, 165, 166, 167, 169, 181, 182, 184, 186, 187, 192, 197, 198, 199, 201, 212, 213, 219, 220, 225, 230, 231, 232, 234, 253, 255, 256, 257, 259, 262, 265, 266, 267, 272, 275, 277, 278, 279, 281, 300, 302, 303, 304, 306, 309, 313, 314, 320, 322, 323, 324, 326, 337, 338, 344, 345, 346, 347, 362, 363, 365, 366, 367, 369, 381, 383, 397, 403, 404, 410, 415, 416, 417, 419, 431, 433, 434, 435, 437, 440, 447, 448, 451, 452, 454, 460, 461, 462, 464, 475, 477, 478, 479, 481, 482, 485, 488, 490, 496, 499, 500, 503, 504, 507, 508, 510, 519, 520, 521], "excluded_lines": []}, "src/api/clients/fortimanager/policy_management.py": {"executed_lines": [2, 7, 8, 10, 13, 14, 16, 37, 77, 106, 140, 179, 218], "summary": {"covered_lines": 12, "num_statements": 79, "percent_covered": 15.189873417721518, "percent_covered_display": "15", "missing_lines": 67, "excluded_lines": 0}, "missing_lines": [18, 19, 24, 30, 31, 32, 33, 34, 35, 39, 40, 42, 48, 49, 50, 52, 53, 68, 69, 73, 74, 75, 79, 80, 82, 88, 89, 96, 102, 103, 104, 114, 115, 117, 123, 124, 130, 136, 137, 138, 148, 149, 155, 161, 162, 169, 175, 176, 177, 188, 189, 195, 201, 202, 208, 214, 215, 216, 226, 227, 232, 238, 239, 245, 251, 252, 253], "excluded_lines": []}, "src/api/clients/fortimanager/task_management.py": {"executed_lines": [2, 7, 8, 9, 11, 14, 15, 17, 58, 93, 145, 176, 220, 260, 305, 348], "summary": {"covered_lines": 15, "num_statements": 110, "percent_covered": 13.636363636363637, "percent_covered_display": "14", "missing_lines": 95, "excluded_lines": 0}, "missing_lines": [29, 30, 39, 41, 42, 43, 49, 54, 55, 56, 69, 70, 72, 73, 74, 84, 89, 90, 91, 104, 105, 111, 113, 114, 115, 117, 118, 130, 136, 141, 142, 143, 156, 157, 159, 161, 162, 167, 172, 173, 174, 195, 197, 198, 200, 201, 203, 206, 207, 210, 211, 214, 232, 233, 240, 242, 243, 244, 247, 254, 256, 257, 258, 271, 272, 278, 280, 281, 284, 286, 287, 293, 299, 301, 302, 303, 319, 320, 327, 329, 330, 332, 339, 344, 345, 346, 360, 361, 363, 365, 366, 373, 378, 379, 380], "excluded_lines": []}, "src/api/clients/fortimanager_api_client.py": {"executed_lines": [2, 7, 9, 10, 12, 13, 22, 32, 37, 57, 60, 61, 64, 74, 75, 76, 77, 79, 128, 132, 140, 151, 162, 176], "summary": {"covered_lines": 23, "num_statements": 74, "percent_covered": 31.08108108108108, "percent_covered_display": "31", "missing_lines": 51, "excluded_lines": 0}, "missing_lines": [98, 100, 103, 104, 105, 106, 109, 116, 117, 119, 121, 122, 124, 125, 126, 130, 134, 135, 136, 138, 142, 153, 154, 155, 156, 157, 158, 159, 160, 164, 165, 166, 168, 169, 170, 171, 172, 173, 174, 178, 179, 180, 182, 183, 185, 186, 187, 188, 189, 190, 191], "excluded_lines": []}, "src/api/fortigate_api_validator.py": {"executed_lines": [2, 15, 16, 17, 18, 19, 20, 21, 23, 24, 26, 29, 30, 32, 33, 34, 35, 38, 39, 40, 42, 43, 44, 45, 46, 47, 48, 50, 57, 58, 60, 78, 83, 143, 170, 212, 276, 281, 323, 377, 383, 425, 472, 518, 524, 579, 632, 638, 644, 717, 783, 849, 856, 905, 944, 985, 1043, 1048, 1104, 1164, 1169, 1206, 1218, 1241, 1264], "summary": {"covered_lines": 62, "num_statements": 501, "percent_covered": 12.375249500998004, "percent_covered_display": "12", "missing_lines": 439, "excluded_lines": 0}, "missing_lines": [51, 52, 53, 54, 67, 68, 69, 76, 80, 81, 94, 95, 98, 99, 109, 112, 113, 114, 115, 116, 125, 128, 130, 136, 145, 155, 156, 157, 159, 172, 174, 175, 176, 178, 179, 190, 201, 202, 214, 215, 217, 219, 221, 222, 224, 225, 227, 228, 229, 230, 231, 233, 235, 236, 237, 238, 239, 240, 241, 242, 244, 245, 246, 248, 263, 264, 278, 279, 283, 285, 287, 288, 290, 291, 302, 312, 313, 325, 328, 334, 336, 337, 338, 339, 340, 341, 342, 344, 346, 348, 349, 351, 352, 353, 354, 355, 356, 357, 358, 360, 361, 362, 364, 379, 380, 381, 385, 387, 389, 390, 392, 393, 404, 414, 415, 427, 429, 435, 436, 437, 439, 440, 450, 459, 460, 469, 470, 474, 476, 478, 479, 480, 481, 483, 484, 495, 505, 506, 520, 521, 522, 526, 527, 529, 531, 532, 533, 534, 535, 536, 537, 538, 540, 541, 542, 543, 545, 546, 547, 548, 550, 551, 552, 554, 570, 581, 582, 584, 586, 588, 589, 591, 592, 594, 596, 597, 598, 599, 601, 602, 603, 605, 621, 622, 634, 640, 641, 642, 646, 648, 649, 650, 653, 655, 656, 657, 658, 660, 663, 664, 665, 668, 669, 670, 671, 673, 676, 677, 678, 679, 680, 682, 683, 684, 686, 687, 688, 690, 706, 707, 719, 721, 724, 725, 728, 729, 731, 734, 739, 741, 744, 745, 747, 748, 750, 752, 755, 756, 758, 759, 760, 761, 762, 764, 765, 766, 768, 769, 770, 772, 785, 787, 789, 793, 795, 796, 798, 799, 800, 801, 802, 803, 804, 805, 807, 808, 809, 811, 826, 836, 837, 851, 852, 853, 854, 858, 860, 862, 865, 867, 869, 874, 875, 876, 877, 879, 880, 881, 883, 894, 895, 907, 909, 910, 912, 913, 914, 915, 916, 917, 919, 922, 924, 925, 926, 927, 929, 930, 931, 933, 946, 948, 949, 950, 952, 953, 954, 955, 956, 958, 959, 960, 961, 963, 974, 975, 987, 989, 991, 993, 995, 996, 998, 999, 1000, 1001, 1002, 1003, 1004, 1006, 1007, 1009, 1020, 1030, 1031, 1045, 1046, 1050, 1052, 1054, 1056, 1058, 1061, 1063, 1064, 1066, 1067, 1068, 1069, 1071, 1073, 1074, 1075, 1076, 1078, 1079, 1080, 1082, 1093, 1094, 1106, 1108, 1110, 1111, 1112, 1114, 1116, 1118, 1119, 1121, 1122, 1123, 1124, 1126, 1127, 1128, 1130, 1141, 1151, 1152, 1166, 1167, 1171, 1172, 1173, 1174, 1177, 1178, 1179, 1182, 1185, 1186, 1187, 1188, 1189, 1190, 1192, 1194, 1208, 1220, 1221, 1229, 1230, 1232, 1234, 1235, 1255, 1256, 1258, 1259, 1261, 1274, 1275, 1277, 1296, 1297, 1298, 1300, 1301, 1311, 1312, 1313, 1315, 1316, 1319, 1320, 1321, 1323, 1325], "excluded_lines": []}, "src/api/fortigate_api_validator_refactored.py": {"executed_lines": [], "summary": {"covered_lines": 0, "num_statements": 62, "percent_covered": 0.0, "percent_covered_display": "0", "missing_lines": 62, "excluded_lines": 0}, "missing_lines": [2, 10, 11, 13, 14, 15, 17, 20, 23, 30, 31, 39, 40, 42, 44, 49, 51, 53, 54, 56, 66, 68, 69, 71, 73, 74, 77, 78, 79, 80, 81, 82, 83, 84, 99, 101, 102, 104, 110, 118, 120, 121, 128, 137, 139, 140, 141, 143, 145, 154, 156, 172, 173, 184, 185, 186, 187, 188, 197, 199, 203, 205], "excluded_lines": []}, "src/api/integration/__init__.py": {"executed_lines": [1], "summary": {"covered_lines": 0, "num_statements": 0, "percent_covered": 100.0, "percent_covered_display": "100", "missing_lines": 0, "excluded_lines": 0}, "missing_lines": [], "excluded_lines": []}, "src/api/integration/api_data_collector.py": {"executed_lines": [], "summary": {"covered_lines": 0, "num_statements": 145, "percent_covered": 0.0, "percent_covered_display": "0", "missing_lines": 145, "excluded_lines": 0}, "missing_lines": [3, 8, 9, 10, 11, 12, 14, 15, 18, 19, 20, 22, 23, 24, 26, 28, 29, 30, 32, 33, 35, 36, 38, 40, 43, 46, 47, 48, 49, 50, 52, 54, 55, 56, 57, 58, 59, 60, 62, 65, 66, 67, 72, 73, 74, 77, 78, 79, 86, 87, 88, 90, 91, 93, 100, 101, 102, 103, 104, 105, 106, 109, 110, 111, 112, 113, 114, 115, 117, 119, 120, 122, 125, 126, 137, 139, 140, 141, 142, 143, 144, 145, 148, 149, 150, 151, 152, 153, 155, 157, 158, 159, 160, 163, 164, 165, 166, 167, 168, 180, 181, 182, 184, 186, 187, 189, 197, 198, 200, 201, 202, 203, 204, 207, 208, 209, 210, 212, 213, 215, 217, 219, 221, 222, 225, 240, 242, 243, 245, 247, 249, 251, 252, 253, 254, 255, 256, 257, 258, 260, 261, 263, 265, 267, 278], "excluded_lines": []}, "src/api/integration/api_integration.py": {"executed_lines": [2, 7, 8, 9, 10, 12, 13, 14, 16, 19, 20, 22, 31, 44, 103, 133, 169, 219, 258, 262, 266, 270, 280, 287, 335, 339], "summary": {"covered_lines": 25, "num_statements": 168, "percent_covered": 14.880952380952381, "percent_covered_display": "15", "missing_lines": 143, "excluded_lines": 0}, "missing_lines": [23, 24, 25, 26, 27, 28, 29, 34, 35, 38, 39, 40, 42, 46, 47, 49, 52, 65, 67, 77, 78, 79, 80, 86, 87, 92, 94, 95, 96, 101, 105, 106, 108, 110, 111, 112, 115, 116, 117, 119, 120, 121, 122, 124, 126, 128, 130, 131, 135, 136, 137, 139, 149, 150, 151, 152, 157, 159, 160, 166, 167, 171, 173, 183, 184, 185, 186, 188, 189, 190, 191, 192, 194, 195, 196, 202, 204, 205, 211, 212, 213, 221, 224, 225, 226, 234, 235, 236, 237, 238, 239, 241, 244, 245, 246, 256, 260, 264, 268, 272, 273, 275, 276, 277, 278, 282, 283, 284, 285, 289, 290, 292, 293, 297, 304, 305, 306, 307, 308, 311, 312, 313, 314, 315, 316, 317, 319, 322, 323, 324, 325, 326, 329, 331, 332, 333, 337, 341, 344, 345, 346, 349, 351], "excluded_lines": []}, "src/api/integration/api_performance_monitor.py": {"executed_lines": [], "summary": {"covered_lines": 0, "num_statements": 278, "percent_covered": 0.0, "percent_covered_display": "0", "missing_lines": 278, "excluded_lines": 0}, "missing_lines": [2, 6, 7, 8, 9, 10, 12, 13, 14, 16, 19, 22, 24, 25, 26, 28, 36, 37, 38, 39, 42, 43, 44, 45, 46, 47, 49, 50, 53, 57, 59, 61, 63, 64, 71, 73, 74, 75, 81, 82, 83, 85, 95, 96, 97, 99, 100, 101, 105, 111, 112, 113, 115, 126, 127, 129, 142, 143, 146, 147, 148, 149, 152, 153, 155, 158, 159, 162, 164, 166, 167, 168, 170, 171, 173, 174, 175, 176, 179, 181, 200, 202, 203, 204, 206, 207, 208, 210, 211, 212, 213, 214, 215, 218, 219, 224, 226, 228, 237, 238, 247, 249, 251, 253, 254, 256, 257, 260, 261, 262, 272, 273, 285, 286, 287, 297, 298, 310, 311, 312, 323, 325, 327, 329, 330, 331, 332, 342, 343, 345, 347, 350, 351, 352, 353, 372, 373, 374, 375, 391, 393, 395, 396, 398, 400, 401, 402, 404, 406, 409, 417, 420, 422, 424, 426, 427, 429, 430, 431, 434, 437, 440, 442, 443, 444, 446, 448, 451, 454, 455, 456, 457, 458, 467, 468, 469, 470, 471, 481, 482, 491, 493, 496, 498, 499, 500, 501, 502, 504, 505, 507, 508, 510, 512, 514, 515, 517, 518, 520, 521, 523, 524, 525, 527, 529, 531, 532, 533, 535, 537, 539, 540, 542, 548, 549, 550, 551, 552, 553, 555, 557, 558, 559, 560, 561, 562, 563, 567, 570, 571, 572, 573, 574, 575, 577, 578, 579, 582, 583, 584, 586, 587, 589, 597, 599, 600, 601, 608, 610, 612, 616, 619, 622, 623, 624, 627, 629, 631, 632, 634, 635, 638, 640, 642, 643, 644, 645, 647, 654, 657, 658, 660, 661, 662, 664, 665, 666, 668], "excluded_lines": []}, "src/api/integration/dashboard_collector.py": {"executed_lines": [], "summary": {"covered_lines": 0, "num_statements": 201, "percent_covered": 0.0, "percent_covered_display": "0", "missing_lines": 201, "excluded_lines": 0}, "missing_lines": [2, 6, 7, 8, 9, 10, 12, 13, 15, 18, 19, 22, 23, 24, 25, 26, 27, 28, 29, 30, 31, 32, 33, 34, 37, 40, 41, 42, 43, 44, 46, 48, 51, 52, 53, 55, 57, 60, 61, 63, 64, 66, 67, 69, 71, 73, 74, 77, 78, 79, 81, 82, 83, 86, 87, 89, 91, 93, 94, 96, 97, 98, 101, 102, 103, 104, 106, 108, 109, 111, 112, 113, 116, 117, 118, 119, 120, 121, 122, 124, 126, 127, 129, 130, 131, 132, 135, 136, 139, 140, 141, 144, 145, 146, 147, 148, 150, 151, 152, 155, 156, 157, 160, 161, 162, 163, 164, 167, 168, 169, 171, 172, 173, 175, 176, 177, 178, 181, 182, 183, 186, 187, 188, 190, 191, 195, 196, 197, 198, 200, 202, 203, 205, 207, 208, 210, 212, 213, 215, 216, 217, 218, 220, 221, 222, 223, 224, 225, 226, 227, 229, 230, 232, 233, 235, 238, 239, 240, 241, 242, 245, 246, 247, 250, 251, 252, 253, 254, 255, 257, 258, 259, 261, 262, 263, 264, 265, 266, 269, 270, 271, 273, 274, 276, 278, 279, 281, 283, 286, 302, 304, 306, 322, 324, 326, 327, 329, 331, 332, 333, 337], "excluded_lines": []}, "src/api/validators/__init__.py": {"executed_lines": [], "summary": {"covered_lines": 0, "num_statements": 6, "percent_covered": 0.0, "percent_covered_display": "0", "missing_lines": 6, "excluded_lines": 0}, "missing_lines": [2, 7, 8, 9, 10, 12], "excluded_lines": []}, "src/api/validators/base_validator.py": {"executed_lines": [], "summary": {"covered_lines": 0, "num_statements": 34, "percent_covered": 0.0, "percent_covered_display": "0", "missing_lines": 34, "excluded_lines": 0}, "missing_lines": [2, 7, 8, 9, 10, 12, 14, 17, 20, 21, 22, 23, 26, 27, 30, 31, 32, 33, 34, 35, 36, 39, 42, 43, 44, 46, 48, 49, 51, 53, 63, 65, 67, 69], "excluded_lines": []}, "src/api/validators/connection_validator.py": {"executed_lines": [], "summary": {"covered_lines": 0, "num_statements": 45, "percent_covered": 0.0, "percent_covered_display": "0", "missing_lines": 45, "excluded_lines": 0}, "missing_lines": [2, 7, 8, 9, 11, 13, 15, 18, 21, 22, 23, 25, 27, 29, 30, 31, 33, 34, 43, 52, 53, 54, 62, 63, 65, 67, 69, 71, 72, 74, 76, 77, 86, 95, 96, 97, 105, 106, 108, 110, 112, 114, 116, 117, 119], "excluded_lines": []}, "src/automation/__init__.py": {"executed_lines": [], "summary": {"covered_lines": 0, "num_statements": 0, "percent_covered": 100.0, "percent_covered_display": "100", "missing_lines": 0, "excluded_lines": 0}, "missing_lines": [], "excluded_lines": []}, "src/automation/auto_recovery.py": {"executed_lines": [], "summary": {"covered_lines": 0, "num_statements": 385, "percent_covered": 0.0, "percent_covered_display": "0", "missing_lines": 385, "excluded_lines": 0}, "missing_lines": [2, 6, 7, 8, 9, 10, 11, 12, 13, 14, 16, 17, 19, 21, 24, 27, 28, 29, 30, 31, 32, 33, 34, 35, 38, 41, 49, 51, 52, 53, 55, 56, 57, 58, 60, 62, 63, 64, 65, 67, 69, 70, 72, 74, 76, 78, 79, 81, 82, 84, 86, 88, 89, 90, 92, 94, 96, 106, 108, 117, 119, 121, 123, 124, 126, 129, 132, 134, 136, 137, 138, 140, 142, 144, 145, 146, 149, 150, 153, 156, 158, 161, 163, 164, 165, 167, 170, 172, 174, 175, 177, 186, 187, 188, 190, 192, 193, 195, 196, 198, 199, 201, 202, 204, 205, 207, 208, 210, 211, 213, 214, 217, 219, 221, 222, 224, 226, 227, 228, 229, 232, 233, 235, 237, 239, 240, 243, 250, 251, 252, 254, 255, 257, 258, 259, 261, 263, 264, 267, 274, 275, 278, 279, 281, 282, 284, 285, 286, 288, 290, 291, 293, 295, 296, 298, 300, 302, 304, 306, 308, 313, 314, 315, 317, 318, 320, 321, 322, 324, 326, 327, 330, 331, 332, 334, 335, 336, 337, 338, 341, 343, 345, 346, 347, 349, 351, 352, 355, 362, 363, 364, 366, 368, 369, 370, 372, 374, 375, 378, 379, 380, 383, 398, 400, 401, 402, 404, 406, 407, 410, 412, 413, 415, 416, 417, 419, 420, 422, 423, 424, 426, 428, 429, 430, 432, 433, 434, 435, 436, 438, 439, 440, 442, 444, 445, 446, 448, 450, 451, 453, 454, 455, 461, 462, 463, 465, 467, 469, 476, 478, 480, 481, 482, 483, 485, 487, 489, 490, 494, 495, 496, 498, 503, 505, 506, 508, 509, 514, 515, 516, 522, 526, 527, 529, 531, 532, 539, 540, 541, 542, 543, 545, 551, 553, 554, 556, 558, 559, 572, 573, 574, 577, 589, 591, 592, 593, 595, 597, 598, 599, 600, 601, 603, 605, 666, 667, 669, 671, 672, 673, 674, 677, 679, 680, 681, 683, 684, 685, 686, 687, 688, 689, 690, 691, 692, 694, 695, 696, 698, 699, 701, 703, 705, 706, 708, 709, 710, 712, 714, 716, 718, 719, 720, 721, 722, 723, 725, 727, 729, 730, 731, 733, 735, 737, 739, 740, 742, 743, 745, 747, 748, 749, 750, 752, 754, 755, 756, 757, 758, 759, 763, 766, 769, 770, 771, 774, 776, 778, 779, 780, 782, 783, 786, 803, 804], "excluded_lines": []}, "src/automation/engine.py": {"executed_lines": [], "summary": {"covered_lines": 0, "num_statements": 212, "percent_covered": 0.0, "percent_covered_display": "0", "missing_lines": 212, "excluded_lines": 0}, "missing_lines": [3, 8, 9, 10, 11, 12, 13, 15, 18, 21, 22, 23, 24, 25, 26, 29, 32, 33, 34, 35, 36, 39, 42, 43, 44, 45, 46, 47, 49, 51, 53, 61, 62, 64, 71, 73, 84, 85, 87, 89, 92, 100, 102, 103, 104, 105, 106, 107, 108, 109, 110, 111, 112, 113, 115, 118, 119, 120, 123, 124, 126, 128, 129, 132, 133, 134, 137, 138, 140, 142, 144, 146, 153, 156, 157, 160, 161, 164, 171, 177, 184, 185, 186, 188, 190, 192, 199, 200, 201, 206, 207, 211, 212, 215, 217, 218, 220, 221, 223, 225, 226, 227, 229, 231, 233, 240, 242, 243, 251, 252, 260, 261, 269, 270, 278, 279, 286, 288, 290, 291, 292, 294, 296, 298, 299, 301, 309, 311, 312, 323, 324, 335, 336, 344, 351, 354, 356, 357, 358, 360, 362, 364, 365, 371, 372, 373, 375, 377, 378, 379, 380, 382, 384, 385, 386, 387, 389, 391, 392, 393, 394, 397, 399, 401, 402, 403, 405, 407, 409, 415, 417, 418, 419, 422, 423, 424, 427, 428, 429, 432, 433, 434, 436, 438, 439, 440, 442, 445, 446, 447, 448, 449, 450, 452, 454, 456, 458, 459, 462, 463, 464, 466, 468, 470, 472, 474, 475, 476, 479, 480, 482, 483], "excluded_lines": []}, "src/config/__init__.py": {"executed_lines": [1, 12, 13, 16, 19], "summary": {"covered_lines": 4, "num_statements": 5, "percent_covered": 80.0, "percent_covered_display": "80", "missing_lines": 1, "excluded_lines": 0}, "missing_lines": [20], "excluded_lines": []}, "src/config/config_helper.py": {"executed_lines": [], "summary": {"covered_lines": 0, "num_statements": 59, "percent_covered": 0.0, "percent_covered_display": "0", "missing_lines": 59, "excluded_lines": 0}, "missing_lines": [2, 7, 8, 11, 13, 15, 18, 20, 22, 25, 27, 29, 32, 34, 36, 39, 41, 43, 46, 48, 50, 53, 55, 57, 60, 62, 64, 67, 69, 71, 74, 76, 77, 80, 82, 83, 84, 87, 89, 92, 94, 97, 99, 110, 112, 113, 116, 117, 118, 119, 120, 123, 124, 125, 126, 129, 130, 131, 133], "excluded_lines": []}, "src/config/config_migration.py": {"executed_lines": [], "summary": {"covered_lines": 0, "num_statements": 104, "percent_covered": 0.0, "percent_covered_display": "0", "missing_lines": 104, "excluded_lines": 0}, "missing_lines": [2, 7, 8, 9, 11, 14, 17, 18, 19, 20, 21, 22, 24, 26, 28, 30, 36, 37, 38, 39, 40, 42, 44, 46, 48, 51, 59, 60, 61, 62, 63, 64, 66, 68, 69, 70, 72, 74, 75, 76, 77, 78, 80, 82, 85, 93, 94, 96, 97, 98, 99, 100, 101, 102, 103, 104, 105, 107, 109, 111, 143, 145, 147, 150, 153, 154, 155, 158, 161, 163, 164, 165, 166, 167, 168, 169, 171, 174, 176, 178, 179, 180, 181, 183, 184, 187, 188, 189, 191, 194, 204, 205, 206, 207, 208, 209, 212, 222, 224, 244, 246, 248, 251, 252], "excluded_lines": []}, "src/config/constants.py": {"executed_lines": [1, 6, 9, 20, 29, 37, 45, 53, 59, 66, 73, 80, 86, 98, 99, 109, 118, 125, 136], "summary": {"covered_lines": 18, "num_statements": 18, "percent_covered": 100.0, "percent_covered_display": "100", "missing_lines": 0, "excluded_lines": 0}, "missing_lines": [], "excluded_lines": []}, "src/config/dashboard_defaults.py": {"executed_lines": [], "summary": {"covered_lines": 0, "num_statements": 34, "percent_covered": 0.0, "percent_covered_display": "0", "missing_lines": 34, "excluded_lines": 0}, "missing_lines": [2, 6, 7, 10, 21, 32, 39, 72, 80, 92, 100, 108, 110, 122, 124, 125, 126, 127, 130, 132, 134, 135, 144, 145, 146, 149, 150, 152, 164, 166, 169, 171, 173, 175], "excluded_lines": []}, "src/config/device_defaults.py": {"executed_lines": [], "summary": {"covered_lines": 0, "num_statements": 29, "percent_covered": 0.0, "percent_covered_display": "0", "missing_lines": 29, "excluded_lines": 0}, "missing_lines": [2, 6, 7, 10, 44, 68, 83, 117, 161, 171, 181, 188, 198, 205, 212, 214, 229, 231, 241, 243, 246, 248, 249, 251, 252, 253, 254, 256, 273], "excluded_lines": []}, "src/config/env_defaults.py": {"executed_lines": [], "summary": {"covered_lines": 0, "num_statements": 75, "percent_covered": 0.0, "percent_covered_display": "0", "missing_lines": 75, "excluded_lines": 0}, "missing_lines": [5, 6, 9, 13, 26, 35, 47, 58, 70, 80, 86, 87, 89, 90, 91, 92, 93, 94, 95, 96, 97, 99, 100, 102, 103, 105, 106, 108, 109, 110, 111, 112, 114, 115, 117, 118, 120, 121, 123, 124, 125, 126, 128, 129, 130, 131, 133, 134, 135, 136, 138, 139, 140, 141, 146, 148, 149, 151, 152, 153, 154, 156, 157, 158, 159, 161, 162, 163, 164, 166, 167, 168, 170, 171, 173], "excluded_lines": []}, "src/config/environment.py": {"executed_lines": [2, 7, 8, 11, 12, 15, 16, 17, 18, 19, 20, 26, 31, 34, 35, 36, 37, 40, 41, 42, 43, 44, 47, 48, 49, 50, 51, 52, 53, 54, 56, 57, 66, 67, 77, 78, 87, 88, 90, 101, 102, 104, 105, 107, 108, 120], "summary": {"covered_lines": 45, "num_statements": 52, "percent_covered": 86.53846153846153, "percent_covered_display": "87", "missing_lines": 7, "excluded_lines": 0}, "missing_lines": [59, 61, 62, 64, 69, 80, 110], "excluded_lines": []}, "src/config/limits.py": {"executed_lines": [], "summary": {"covered_lines": 0, "num_statements": 29, "percent_covered": 0.0, "percent_covered_display": "0", "missing_lines": 29, "excluded_lines": 0}, "missing_lines": [7, 8, 11, 25, 42, 57, 71, 85, 99, 114, 124, 134, 143, 153, 156, 166, 169, 179, 182, 192, 193, 194, 195, 196, 199, 211, 212, 213, 217], "excluded_lines": []}, "src/config/network.py": {"executed_lines": [], "summary": {"covered_lines": 0, "num_statements": 31, "percent_covered": 0.0, "percent_covered_display": "0", "missing_lines": 31, "excluded_lines": 0}, "missing_lines": [8, 9, 12, 24, 33, 40, 55, 64, 71, 81, 83, 84, 86, 87, 88, 89, 90, 91, 93, 94, 95, 98, 108, 110, 111, 112, 113, 114, 117, 127, 131], "excluded_lines": []}, "src/config/paths.py": {"executed_lines": [], "summary": {"covered_lines": 0, "num_statements": 78, "percent_covered": 0.0, "percent_covered_display": "0", "missing_lines": 78, "excluded_lines": 0}, "missing_lines": [8, 9, 10, 11, 15, 20, 21, 24, 25, 28, 43, 55, 68, 80, 81, 91, 100, 108, 118, 119, 122, 132, 133, 136, 147, 148, 151, 176, 179, 182, 183, 186, 187, 188, 191, 192, 193, 196, 198, 201, 224, 227, 228, 231, 232, 233, 236, 237, 238, 241, 244, 245, 246, 247, 248, 249, 251, 253, 254, 257, 267, 270, 281, 282, 284, 286, 287, 290, 291, 292, 296, 298, 299, 301, 302, 304, 305, 309], "excluded_lines": []}, "src/config/ports.py": {"executed_lines": [], "summary": {"covered_lines": 0, "num_statements": 27, "percent_covered": 0.0, "percent_covered_display": "0", "missing_lines": 27, "excluded_lines": 0}, "missing_lines": [7, 8, 11, 25, 40, 67, 105, 116, 119, 129, 132, 142, 145, 155, 158, 168, 171, 182, 183, 184, 185, 188, 189, 190, 191, 193, 197], "excluded_lines": []}, "src/config/result_defaults.py": {"executed_lines": [], "summary": {"covered_lines": 0, "num_statements": 4, "percent_covered": 0.0, "percent_covered_display": "0", "missing_lines": 4, "excluded_lines": 0}, "missing_lines": [6, 8, 33, 35], "excluded_lines": []}, "src/config/services.py": {"executed_lines": [1, 7, 8, 11, 25, 35, 64, 75, 83, 102, 115, 132, 145, 172, 183, 194], "summary": {"covered_lines": 15, "num_statements": 28, "percent_covered": 53.57142857142857, "percent_covered_display": "54", "missing_lines": 13, "excluded_lines": 0}, "missing_lines": [112, 126, 127, 128, 129, 139, 140, 141, 142, 153, 165, 166, 168], "excluded_lines": []}, "src/config/unified_settings.py": {"executed_lines": [2, 7, 8, 9, 10, 11, 13, 15, 18, 21, 22, 23, 25, 26, 27, 28, 29, 30, 31, 32, 35, 36, 37, 39, 40, 41, 42, 45, 46, 47, 49, 54, 55, 56, 59, 60, 61, 63, 66, 67, 68, 70, 72, 73, 74, 77, 78, 79, 80, 81, 82, 83, 86, 89, 91, 93, 95, 97, 100, 101, 102, 103, 105, 107, 109, 112, 113, 114, 115, 116, 117, 118, 121, 123, 125, 127, 130, 131, 132, 135, 139, 140, 141, 146, 148, 149, 181, 183, 186, 190, 191, 192, 193, 195, 198, 203, 207, 225, 247, 254, 256, 259, 261, 263, 265, 269, 277, 279, 293, 313, 316, 317], "summary": {"covered_lines": 107, "num_statements": 171, "percent_covered": 62.57309941520468, "percent_covered_display": "63", "missing_lines": 64, "excluded_lines": 0}, "missing_lines": [128, 136, 143, 144, 151, 154, 155, 157, 158, 160, 161, 164, 165, 166, 168, 169, 171, 173, 174, 175, 176, 179, 187, 194, 196, 199, 200, 201, 205, 209, 210, 212, 214, 215, 216, 219, 222, 223, 227, 229, 232, 241, 242, 244, 245, 249, 250, 252, 257, 267, 271, 295, 296, 297, 298, 299, 300, 301, 303, 304, 305, 306, 307, 309], "excluded_lines": []}, "src/core/__init__.py": {"executed_lines": [1, 3, 4, 5, 6, 8], "summary": {"covered_lines": 5, "num_statements": 5, "percent_covered": 100.0, "percent_covered_display": "100", "missing_lines": 0, "excluded_lines": 0}, "missing_lines": [], "excluded_lines": []}, "src/core/auth_manager.py": {"executed_lines": [3, 10, 11, 12, 13, 14, 15, 16, 19, 20, 22, 23, 24, 25, 26, 29, 30, 31, 33, 34, 35, 36, 37, 38, 39, 42, 43, 44, 46, 47, 48, 49, 50, 51, 52, 53, 54, 55, 58, 59, 64, 65, 66, 67, 69, 85, 109, 127, 150, 171, 197, 212, 230, 248, 272, 325, 343, 352, 361, 390, 402, 410, 418], "summary": {"covered_lines": 59, "num_statements": 168, "percent_covered": 35.11904761904762, "percent_covered_display": "35", "missing_lines": 109, "excluded_lines": 0}, "missing_lines": [81, 82, 83, 98, 99, 100, 101, 102, 103, 104, 105, 107, 119, 120, 121, 122, 124, 125, 137, 138, 139, 141, 142, 143, 144, 147, 148, 160, 161, 162, 164, 165, 167, 168, 169, 181, 182, 183, 185, 187, 188, 189, 190, 191, 192, 193, 195, 207, 208, 209, 210, 219, 221, 222, 223, 225, 226, 228, 236, 245, 246, 254, 257, 258, 260, 269, 270, 279, 281, 283, 284, 296, 298, 299, 300, 302, 303, 304, 306, 317, 318, 320, 321, 323, 331, 340, 341, 349, 350, 358, 359, 365, 367, 368, 369, 376, 384, 386, 387, 388, 394, 395, 397, 398, 400, 406, 407, 408, 414], "excluded_lines": []}, "src/core/base_client.py": {"executed_lines": [3, 11, 12, 15, 16, 18, 19, 20, 23, 26, 27, 29, 30, 31, 32, 35, 36, 37, 39, 40, 41, 42, 43, 44, 45, 48, 49, 54, 122, 143, 196, 212, 290, 358, 374, 401, 473, 499, 525, 546, 568, 573, 577, 586, 591, 596, 601], "summary": {"covered_lines": 44, "num_statements": 238, "percent_covered": 18.48739495798319, "percent_covered_display": "18", "missing_lines": 194, "excluded_lines": 0}, "missing_lines": [86, 87, 88, 89, 90, 91, 92, 93, 94, 97, 100, 101, 102, 105, 106, 107, 110, 113, 124, 126, 127, 128, 129, 130, 131, 132, 133, 134, 135, 136, 137, 138, 139, 140, 141, 150, 152, 153, 154, 155, 156, 157, 158, 160, 162, 170, 172, 173, 176, 177, 179, 180, 182, 184, 185, 187, 188, 189, 190, 191, 192, 193, 194, 203, 204, 205, 206, 207, 208, 209, 210, 237, 240, 241, 242, 245, 246, 247, 248, 249, 252, 253, 254, 260, 262, 263, 266, 268, 269, 270, 273, 276, 277, 278, 280, 282, 283, 284, 311, 312, 314, 315, 316, 318, 327, 337, 338, 339, 340, 341, 343, 345, 349, 350, 351, 352, 354, 356, 368, 369, 371, 372, 384, 391, 392, 393, 396, 397, 399, 412, 414, 415, 416, 417, 418, 419, 420, 421, 423, 432, 433, 435, 436, 439, 440, 441, 442, 443, 444, 445, 452, 454, 456, 464, 465, 485, 493, 494, 495, 497, 506, 507, 508, 510, 511, 512, 513, 515, 535, 536, 537, 538, 540, 541, 542, 543, 544, 553, 554, 555, 556, 561, 563, 570, 571, 575, 579, 580, 581, 582, 588, 593, 598, 603], "excluded_lines": []}, "src/core/cache_manager.py": {"executed_lines": [3, 10, 11, 12, 13, 14, 15, 16, 17, 19, 21, 24, 25, 27, 28, 29, 30, 33, 34, 35, 37, 38, 39, 40, 41, 42, 44, 50, 56, 62, 63, 65, 66, 69, 70, 73, 74, 77, 78, 81, 82, 85, 86, 89, 90, 94, 95, 97, 105, 106, 107, 108, 111, 120, 138, 156, 165, 177, 183, 189, 198, 205, 215, 225, 226, 228, 246, 248, 249, 250, 251, 252, 253, 254, 257, 265, 267, 269, 270, 272, 282, 284, 287, 288, 289, 291, 295, 301, 325, 347, 363, 377, 394, 409, 438, 439, 444, 458, 461, 462, 465, 466, 467, 468, 469, 470, 471, 473, 500, 531, 554, 577, 599, 622, 636, 653, 688, 703, 706], "summary": {"covered_lines": 113, "num_statements": 352, "percent_covered": 32.10227272727273, "percent_covered_display": "32", "missing_lines": 239, "excluded_lines": 0}, "missing_lines": [45, 46, 47, 48, 52, 53, 54, 58, 59, 122, 124, 125, 126, 127, 129, 130, 131, 132, 134, 135, 136, 140, 143, 144, 146, 147, 148, 150, 152, 153, 154, 158, 159, 160, 161, 162, 163, 167, 168, 169, 171, 172, 173, 175, 179, 180, 181, 185, 187, 191, 192, 193, 194, 196, 200, 201, 202, 203, 207, 208, 209, 210, 212, 213, 217, 218, 220, 221, 222, 283, 285, 286, 293, 297, 298, 299, 303, 304, 305, 307, 308, 309, 311, 312, 313, 315, 316, 317, 319, 320, 321, 322, 323, 327, 328, 330, 331, 332, 334, 335, 337, 339, 340, 342, 343, 344, 345, 349, 350, 352, 353, 354, 355, 356, 358, 359, 360, 361, 365, 366, 368, 369, 370, 372, 373, 374, 375, 379, 380, 382, 383, 384, 385, 386, 387, 389, 390, 391, 392, 396, 397, 399, 400, 401, 402, 404, 405, 406, 407, 411, 412, 413, 414, 416, 423, 424, 425, 426, 432, 433, 435, 484, 486, 487, 488, 489, 491, 492, 493, 495, 496, 497, 498, 519, 520, 522, 523, 524, 525, 526, 527, 529, 542, 543, 545, 546, 547, 548, 549, 550, 552, 565, 566, 567, 568, 569, 570, 572, 573, 574, 575, 587, 588, 590, 591, 592, 593, 594, 595, 597, 610, 612, 613, 614, 615, 617, 618, 619, 620, 629, 631, 632, 634, 648, 650, 651, 669, 670, 672, 675, 676, 677, 680, 681, 682, 684, 686, 698, 699], "excluded_lines": []}, "src/core/config_manager.py": {"executed_lines": [3, 10, 11, 12, 13, 14, 15, 17, 20, 21, 23, 24, 25, 26, 29, 30, 31, 33, 34, 35, 36, 37, 40, 41, 42, 45, 46, 47, 48, 51, 52, 53, 54, 57, 60, 61, 62, 63, 64, 67, 68, 69, 72, 73, 74, 77, 78, 79, 82, 83, 86, 87, 93, 94, 95, 98, 99, 102, 103, 104, 105, 106, 109, 110, 115, 122, 123, 124, 125, 126, 129, 132, 134, 137, 147, 154, 155, 156, 169, 170, 180, 187, 189, 191, 195, 198, 199, 200, 201, 202, 210, 212, 222, 223, 231, 238, 241, 269, 270, 271, 272, 273, 274, 280, 281, 287, 289, 302, 320, 328, 329, 330, 332, 334, 342, 345, 346, 347, 348, 350, 352, 373, 397, 409, 418, 445, 480, 481, 492, 508, 550, 559, 566, 567, 568, 569, 571, 589, 600, 601, 602, 604, 613, 623, 625, 626, 627, 631, 632, 635, 641], "summary": {"covered_lines": 147, "num_statements": 234, "percent_covered": 62.82051282051282, "percent_covered_display": "63", "missing_lines": 87, "excluded_lines": 0}, "missing_lines": [157, 158, 166, 171, 203, 204, 205, 207, 224, 225, 226, 227, 229, 283, 284, 285, 299, 300, 312, 313, 315, 316, 317, 318, 363, 364, 366, 367, 368, 369, 370, 371, 381, 382, 385, 386, 387, 388, 391, 394, 395, 407, 416, 426, 427, 428, 429, 430, 431, 433, 434, 440, 441, 443, 452, 455, 456, 457, 460, 461, 463, 464, 467, 468, 469, 470, 471, 474, 475, 476, 478, 488, 489, 490, 499, 515, 537, 538, 546, 548, 557, 578, 611, 628, 633, 636, 637], "excluded_lines": []}, "src/core/connection_pool.py": {"executed_lines": [2, 7, 8, 9, 11, 12, 13, 15, 17, 20, 21, 26, 27, 29, 30, 31, 32, 33, 34, 36, 37, 38, 39, 40, 41, 42, 43, 44, 46, 48, 71, 72, 73, 74, 81, 83, 85, 96, 99, 115, 122, 123, 126, 134, 136, 150, 161, 171, 203, 212], "summary": {"covered_lines": 49, "num_statements": 73, "percent_covered": 67.12328767123287, "percent_covered_display": "67", "missing_lines": 24, "excluded_lines": 0}, "missing_lines": [143, 144, 145, 146, 147, 148, 159, 165, 166, 167, 168, 169, 178, 179, 180, 181, 182, 194, 199, 201, 205, 206, 207, 208], "excluded_lines": []}, "src/core/error_handler_advanced.py": {"executed_lines": [2, 7, 8, 9, 10, 11, 12, 13, 14, 15, 16, 18, 21, 22, 24, 25, 26, 27, 28, 29, 32, 33, 35, 36, 37, 38, 39, 40, 41, 42, 43, 44, 47, 48, 50, 51, 52, 53, 54, 55, 56, 57, 58, 59, 60, 61, 63, 65, 78, 79, 81, 105, 106, 107, 108, 109, 110, 111, 112, 113, 114, 115, 117, 119, 120, 122, 124, 138, 140, 141, 142, 143, 144, 145, 147, 150, 151, 153, 155, 156, 157, 159, 169, 171, 172, 175, 179, 183, 184, 185, 186, 187, 190, 191, 192, 193, 196, 198, 199, 200, 202, 240, 252, 257, 259, 264, 266, 270, 275, 277, 286, 293, 314, 333, 337, 338, 340, 352, 353, 355, 362, 363, 364, 365, 366, 368, 370, 376, 378, 379, 382, 384, 385, 390, 393, 395, 397, 399, 400, 401, 402, 403, 404, 405, 408, 411, 412, 414, 415, 416, 418, 420, 422, 424, 425, 426, 427, 431, 432, 434, 440, 441, 442, 443, 444, 445, 446, 448, 457, 461, 463, 464, 468, 469, 473, 480, 481, 484, 485, 486, 488, 490, 491, 492, 495, 500, 502, 503, 505, 506, 507, 510, 511, 513, 515, 516, 517, 518, 519, 521, 522, 524, 526, 537, 539, 541, 550, 595, 610, 625, 633, 639, 645, 680, 687, 688, 689, 690, 691, 719, 721, 724, 745], "summary": {"covered_lines": 214, "num_statements": 335, "percent_covered": 63.88059701492537, "percent_covered_display": "64", "missing_lines": 121, "excluded_lines": 1}, "missing_lines": [176, 180, 216, 217, 219, 221, 223, 226, 229, 231, 232, 234, 236, 237, 238, 245, 282, 284, 297, 298, 305, 306, 307, 308, 309, 311, 312, 318, 319, 321, 322, 323, 324, 327, 328, 330, 331, 380, 391, 428, 450, 459, 465, 470, 471, 482, 483, 493, 497, 498, 542, 543, 544, 545, 547, 548, 562, 563, 565, 566, 567, 570, 573, 576, 577, 578, 579, 583, 584, 589, 590, 593, 598, 599, 601, 612, 614, 615, 616, 617, 618, 619, 620, 621, 622, 623, 627, 630, 631, 635, 637, 641, 643, 647, 648, 650, 657, 659, 660, 663, 664, 667, 676, 692, 693, 695, 703, 704, 712, 714, 715, 717, 730, 731, 732, 733, 734, 735, 737, 739, 741], "excluded_lines": [291]}, "src/core/recovery_strategies.py": {"executed_lines": [], "summary": {"covered_lines": 0, "num_statements": 188, "percent_covered": 0.0, "percent_covered_display": "0", "missing_lines": 188, "excluded_lines": 0}, "missing_lines": [2, 7, 8, 9, 11, 13, 15, 18, 21, 22, 23, 24, 26, 27, 29, 31, 32, 33, 35, 36, 38, 39, 40, 41, 44, 45, 46, 47, 49, 50, 51, 52, 54, 56, 58, 60, 61, 62, 63, 64, 67, 70, 71, 72, 73, 75, 76, 78, 80, 81, 84, 85, 86, 87, 88, 91, 92, 94, 95, 96, 99, 100, 108, 111, 112, 114, 115, 117, 119, 120, 121, 123, 125, 126, 128, 129, 131, 133, 136, 139, 142, 144, 145, 148, 149, 150, 151, 153, 155, 158, 160, 161, 162, 165, 168, 169, 170, 172, 173, 175, 177, 178, 179, 181, 182, 185, 187, 188, 189, 192, 193, 195, 196, 197, 200, 202, 203, 204, 207, 208, 210, 211, 212, 214, 215, 216, 217, 220, 221, 224, 227, 228, 229, 235, 236, 238, 240, 242, 244, 245, 246, 248, 249, 252, 254, 257, 258, 261, 262, 272, 274, 275, 283, 284, 286, 287, 290, 291, 297, 298, 300, 302, 303, 304, 306, 307, 309, 311, 313, 314, 315, 316, 318, 320, 322, 323, 324, 328, 331, 332, 334, 342, 343, 345, 353, 354, 355, 357], "excluded_lines": []}, "src/core/redis_sentinel.py": {"executed_lines": [], "summary": {"covered_lines": 0, "num_statements": 172, "percent_covered": 0.0, "percent_covered_display": "0", "missing_lines": 172, "excluded_lines": 0}, "missing_lines": [2, 7, 8, 9, 10, 12, 13, 15, 18, 21, 29, 30, 31, 32, 33, 34, 35, 37, 39, 40, 42, 43, 44, 45, 46, 47, 49, 51, 53, 54, 67, 74, 81, 83, 84, 86, 88, 90, 91, 102, 103, 104, 105, 107, 109, 110, 111, 113, 115, 117, 119, 127, 129, 130, 131, 132, 140, 141, 143, 145, 147, 149, 150, 151, 152, 154, 156, 167, 169, 170, 171, 172, 173, 176, 177, 179, 180, 181, 184, 186, 187, 188, 189, 191, 194, 197, 204, 205, 206, 208, 210, 214, 216, 217, 218, 219, 220, 221, 223, 225, 227, 228, 230, 239, 241, 242, 243, 245, 246, 247, 249, 251, 259, 261, 262, 263, 265, 267, 268, 270, 272, 273, 275, 283, 284, 285, 288, 291, 298, 299, 300, 301, 303, 305, 307, 308, 309, 310, 313, 328, 330, 331, 332, 333, 335, 337, 339, 340, 342, 344, 346, 352, 353, 354, 355, 356, 358, 359, 360, 361, 363, 364, 371, 372, 373, 375, 377, 379, 380, 381, 383, 387], "excluded_lines": []}, "src/core/security_manager.py": {"executed_lines": [], "summary": {"covered_lines": 0, "num_statements": 149, "percent_covered": 0.0, "percent_covered_display": "0", "missing_lines": 149, "excluded_lines": 0}, "missing_lines": [2, 7, 8, 9, 10, 11, 12, 13, 14, 15, 17, 18, 19, 21, 24, 27, 29, 30, 31, 32, 33, 34, 36, 38, 40, 42, 43, 46, 47, 50, 51, 52, 54, 56, 67, 70, 73, 74, 76, 78, 88, 96, 98, 99, 102, 103, 106, 107, 110, 112, 114, 115, 116, 117, 119, 121, 123, 125, 126, 127, 128, 131, 132, 134, 135, 136, 138, 148, 149, 151, 152, 154, 164, 165, 167, 168, 169, 171, 182, 183, 185, 187, 195, 197, 199, 210, 211, 213, 220, 222, 229, 240, 241, 242, 244, 246, 258, 267, 275, 277, 278, 280, 283, 286, 288, 289, 291, 293, 295, 296, 297, 300, 301, 304, 305, 307, 309, 319, 321, 322, 324, 325, 327, 329, 332, 333, 334, 335, 338, 341, 343, 344, 346, 348, 349, 352, 353, 354, 356, 357, 358, 360, 362, 364, 366, 368, 370, 374, 375], "excluded_lines": []}, "src/fortimanager/__init__.py": {"executed_lines": [1], "summary": {"covered_lines": 0, "num_statements": 0, "percent_covered": 100.0, "percent_covered_display": "100", "missing_lines": 0, "excluded_lines": 0}, "missing_lines": [], "excluded_lines": []}, "src/fortimanager/advanced_hub.py": {"executed_lines": [2, 7, 8, 9, 11, 13, 14, 15, 16, 18, 21, 22, 27, 35, 38, 39, 40, 41, 44, 51, 53, 106, 116, 120, 124, 129, 138, 142, 146, 151, 155, 159, 163, 167, 172, 176, 180, 184, 194, 198, 203, 246, 308, 362, 365, 400, 413, 428], "summary": {"covered_lines": 47, "num_statements": 159, "percent_covered": 29.559748427672957, "percent_covered_display": "30", "missing_lines": 112, "excluded_lines": 0}, "missing_lines": [57, 63, 65, 66, 67, 68, 69, 72, 73, 74, 77, 78, 82, 85, 86, 87, 91, 94, 95, 96, 98, 99, 100, 101, 103, 114, 118, 122, 126, 136, 140, 144, 148, 153, 157, 161, 165, 169, 174, 178, 182, 191, 192, 196, 200, 206, 214, 216, 224, 225, 226, 229, 230, 233, 234, 237, 238, 240, 241, 242, 244, 249, 255, 256, 258, 262, 265, 266, 267, 268, 276, 278, 279, 287, 288, 290, 292, 293, 294, 295, 302, 303, 304, 306, 312, 319, 320, 323, 324, 327, 335, 338, 344, 345, 346, 347, 349, 352, 353, 356, 403, 404, 405, 411, 416, 417, 418, 426, 431, 432, 433, 443], "excluded_lines": []}, "src/fortimanager/ai_policy_orchestrator.py": {"executed_lines": [2, 7, 8, 9, 10, 11, 13, 15, 16, 17, 19, 22, 23, 25, 31, 40, 41, 43, 44, 45, 46, 48, 75, 110, 116, 137, 138, 140, 141, 142, 143, 144, 146, 148, 149, 189, 207, 230, 247, 275, 312, 333, 344, 366, 384, 390, 413, 433, 446, 460, 464, 468, 482, 503], "summary": {"covered_lines": 51, "num_statements": 213, "percent_covered": 23.943661971830984, "percent_covered_display": "24", "missing_lines": 162, "excluded_lines": 0}, "missing_lines": [26, 27, 28, 29, 32, 50, 53, 54, 55, 56, 59, 60, 61, 64, 65, 66, 67, 70, 71, 73, 77, 80, 81, 82, 83, 84, 92, 95, 96, 101, 104, 105, 106, 108, 112, 113, 114, 118, 121, 122, 123, 124, 127, 128, 131, 132, 134, 151, 154, 155, 157, 158, 159, 160, 161, 164, 167, 169, 184, 185, 187, 191, 193, 195, 196, 199, 200, 202, 204, 205, 211, 214, 217, 220, 222, 232, 234, 241, 242, 243, 245, 249, 251, 270, 271, 273, 279, 281, 282, 283, 291, 292, 300, 301, 310, 314, 315, 317, 320, 321, 324, 325, 328, 329, 331, 336, 337, 338, 339, 340, 341, 342, 346, 349, 350, 353, 358, 364, 370, 372, 374, 378, 382, 386, 387, 388, 392, 395, 396, 397, 400, 401, 404, 405, 407, 417, 421, 422, 424, 426, 435, 436, 438, 439, 440, 441, 442, 444, 448, 462, 466, 470, 485, 486, 487, 488, 489, 492, 493, 496, 497, 499], "excluded_lines": []}, "src/fortimanager/analytics/__init__.py": {"executed_lines": [2, 7, 8, 9, 10, 11, 13], "summary": {"covered_lines": 7, "num_statements": 7, "percent_covered": 100.0, "percent_covered_display": "100", "missing_lines": 0, "excluded_lines": 0}, "missing_lines": [], "excluded_lines": []}, "src/fortimanager/analytics/calculations.py": {"executed_lines": [2, 7, 8, 11, 12, 14, 19, 22, 23, 25, 72, 101, 109, 136, 167, 191, 212], "summary": {"covered_lines": 16, "num_statements": 113, "percent_covered": 14.15929203539823, "percent_covered_display": "14", "missing_lines": 97, "excluded_lines": 0}, "missing_lines": [15, 16, 17, 27, 29, 30, 32, 41, 42, 50, 51, 52, 59, 60, 61, 62, 70, 74, 75, 77, 78, 80, 81, 82, 84, 86, 87, 88, 89, 91, 93, 99, 103, 104, 107, 111, 112, 114, 115, 116, 118, 119, 120, 121, 123, 124, 134, 138, 140, 141, 142, 144, 145, 149, 150, 155, 156, 165, 169, 171, 172, 174, 176, 177, 178, 179, 180, 181, 182, 183, 184, 185, 187, 189, 193, 194, 196, 197, 199, 200, 202, 203, 204, 206, 207, 209, 210, 214, 215, 217, 218, 219, 221, 222, 224, 225, 227], "excluded_lines": []}, "src/fortimanager/analytics/engine.py": {"executed_lines": [2, 7, 8, 9, 10, 12, 14, 15, 16, 17, 19, 22, 23, 25, 26, 27, 28, 29, 30, 31, 34, 35, 36, 39, 40, 42, 45, 58, 74, 89, 104, 119, 133, 136, 157, 178, 197, 199, 201, 205, 209, 233, 288, 317, 331, 345, 360], "summary": {"covered_lines": 46, "num_statements": 105, "percent_covered": 43.80952380952381, "percent_covered_display": "44", "missing_lines": 59, "excluded_lines": 0}, "missing_lines": [203, 207, 211, 212, 213, 216, 219, 231, 235, 237, 238, 241, 242, 243, 253, 256, 257, 258, 259, 269, 272, 273, 274, 284, 286, 298, 306, 307, 308, 309, 315, 323, 333, 334, 336, 337, 338, 339, 340, 341, 343, 347, 348, 349, 351, 352, 353, 354, 355, 356, 358, 362, 363, 365, 366, 367, 369, 370, 372], "excluded_lines": []}, "src/fortimanager/analytics/models.py": {"executed_lines": [2, 7, 8, 9, 10, 13, 14, 16, 17, 18, 19, 22, 23, 25, 26, 27, 28, 29, 32, 33, 34, 36, 37, 38, 39, 40, 41, 42, 43, 44, 45, 48, 49, 50, 52, 53, 54, 55, 56, 57, 58, 59, 62, 63, 64, 66, 67, 68, 69, 70, 71, 72, 73, 74, 75], "summary": {"covered_lines": 50, "num_statements": 50, "percent_covered": 100.0, "percent_covered_display": "100", "missing_lines": 0, "excluded_lines": 0}, "missing_lines": [], "excluded_lines": []}, "src/fortimanager/analytics/predictive.py": {"executed_lines": [2, 7, 8, 9, 11, 13, 16, 17, 19, 20, 22, 24, 26, 37, 55, 70, 104, 128, 149, 163, 183], "summary": {"covered_lines": 20, "num_statements": 81, "percent_covered": 24.691358024691358, "percent_covered_display": "25", "missing_lines": 61, "excluded_lines": 0}, "missing_lines": [28, 32, 33, 35, 39, 40, 41, 43, 46, 47, 48, 49, 50, 51, 53, 57, 59, 60, 62, 68, 72, 73, 76, 78, 79, 82, 83, 86, 87, 88, 89, 97, 106, 107, 110, 111, 112, 113, 121, 130, 131, 133, 135, 136, 138, 147, 152, 165, 166, 168, 170, 172, 181, 185, 187, 188, 190, 191, 193, 194, 196], "excluded_lines": []}, "src/fortimanager/analytics/reports.py": {"executed_lines": [2, 7, 8, 9, 10, 12, 14, 17, 18, 20, 21, 22, 24, 27, 53, 90, 116, 162, 179, 189, 199, 203, 242, 248, 265, 270], "summary": {"covered_lines": 25, "num_statements": 71, "percent_covered": 35.2112676056338, "percent_covered_display": "35", "missing_lines": 46, "excluded_lines": 0}, "missing_lines": [123, 124, 126, 129, 141, 142, 148, 151, 152, 153, 154, 155, 156, 157, 158, 160, 164, 181, 182, 183, 187, 191, 192, 193, 197, 201, 205, 227, 228, 229, 230, 231, 234, 236, 245, 246, 250, 252, 253, 254, 255, 261, 263, 267, 268, 272], "excluded_lines": []}, "src/fortimanager/compliance_checker.py": {"executed_lines": [2, 7, 8, 9, 10, 11, 12, 14, 16, 18, 21, 22, 23, 25, 26, 27, 28, 29, 30, 31, 32, 33, 34, 37, 38, 40, 41, 42, 43, 44, 45, 47, 57, 58, 59, 60, 61, 64, 66, 69, 72, 73, 74, 75, 76, 77, 79, 82, 83, 84, 87, 88, 91, 93, 100, 103, 105, 106, 116, 117, 129, 136, 138, 141, 153, 155, 158, 159, 160, 167, 168, 170, 172, 175, 179, 180, 181, 182, 185, 187, 189, 199, 254, 307, 356, 358, 359, 360, 361, 362, 364, 369], "summary": {"covered_lines": 90, "num_statements": 147, "percent_covered": 61.224489795918366, "percent_covered_display": "61", "missing_lines": 57, "excluded_lines": 0}, "missing_lines": [67, 85, 107, 119, 120, 121, 139, 143, 150, 151, 176, 202, 204, 205, 206, 214, 215, 217, 218, 219, 222, 223, 225, 226, 237, 245, 246, 257, 259, 260, 261, 269, 270, 272, 273, 275, 276, 278, 279, 290, 298, 299, 310, 312, 313, 314, 322, 325, 327, 328, 337, 347, 348, 366, 367, 371, 372], "excluded_lines": []}, "src/fortimanager/compliance_models.py": {"executed_lines": [2, 7, 8, 9, 10, 13, 14, 16, 17, 18, 19, 20, 23, 24, 26, 27, 28, 29, 30, 33, 34, 35, 37, 38, 39, 40, 41, 42, 43, 44, 45, 46, 47, 50, 51, 52, 54, 55, 56, 57, 58, 59, 60, 61, 62, 63, 65], "summary": {"covered_lines": 43, "num_statements": 44, "percent_covered": 97.72727272727273, "percent_covered_display": "98", "missing_lines": 1, "excluded_lines": 0}, "missing_lines": [67], "excluded_lines": []}, "src/fortimanager/compliance_reports.py": {"executed_lines": [2, 7, 8, 9, 11, 12, 15, 16, 18, 19, 21, 24, 25, 28, 29, 30, 32, 35, 36, 37, 38, 41, 46, 48, 74, 136, 230, 233, 234, 235, 236, 237, 245, 247, 248, 249, 250, 251, 256, 257, 258, 262, 264, 267, 268, 269, 270, 271, 272, 273, 280, 282, 283, 284, 285, 286, 288, 290, 293, 294, 295, 296, 297, 299, 301, 304, 305, 306, 307, 308, 309, 310, 316, 318, 319, 320, 321, 323, 325, 328, 331, 332, 333, 334, 335, 336, 337, 340, 341, 342, 343, 345, 357, 360, 362, 364, 367, 375, 377, 380, 384, 385, 386, 387, 388, 390, 391, 392, 393, 394, 397, 398, 399, 400, 408, 413, 443, 446, 447, 451, 454, 455, 457, 458, 459, 460, 462, 463, 464, 475], "summary": {"covered_lines": 129, "num_statements": 221, "percent_covered": 58.3710407239819, "percent_covered_display": "58", "missing_lines": 92, "excluded_lines": 0}, "missing_lines": [77, 79, 80, 82, 83, 84, 86, 89, 90, 92, 93, 94, 95, 96, 97, 103, 104, 105, 106, 107, 109, 110, 111, 114, 115, 117, 139, 140, 143, 144, 145, 152, 153, 155, 157, 160, 161, 164, 165, 166, 167, 168, 174, 175, 176, 177, 178, 181, 182, 188, 189, 190, 191, 192, 195, 196, 197, 199, 201, 202, 203, 205, 208, 213, 215, 252, 253, 260, 381, 416, 417, 419, 420, 421, 423, 425, 426, 427, 428, 430, 431, 433, 441, 449, 465, 466, 467, 468, 469, 470, 472, 473], "excluded_lines": []}, "src/fortimanager/compliance_rules.py": {"executed_lines": [2, 7, 8, 9, 12, 13, 15, 16, 17, 18, 19, 22, 23, 25, 26, 27, 28, 29, 30, 33, 34, 35, 37, 38, 39, 40, 41, 42, 43, 44, 45, 46, 47, 50, 51, 53, 54, 55, 57, 61, 75, 89, 104, 118, 133, 147, 162, 176, 178, 180, 184, 186, 188, 192, 196, 201, 206], "summary": {"covered_lines": 53, "num_statements": 71, "percent_covered": 74.64788732394366, "percent_covered_display": "75", "missing_lines": 18, "excluded_lines": 0}, "missing_lines": [182, 190, 194, 198, 199, 203, 204, 208, 209, 211, 212, 213, 215, 217, 220, 223, 224, 226], "excluded_lines": []}, "src/fortimanager/fortimanager_advanced_hub.py": {"executed_lines": [], "summary": {"covered_lines": 0, "num_statements": 415, "percent_covered": 0.0, "percent_covered_display": "0", "missing_lines": 415, "excluded_lines": 0}, "missing_lines": [2, 7, 8, 9, 10, 12, 14, 15, 16, 17, 19, 21, 24, 27, 28, 29, 30, 31, 33, 35, 37, 39, 40, 41, 44, 47, 50, 51, 52, 54, 57, 59, 67, 68, 69, 71, 73, 76, 77, 80, 81, 91, 92, 93, 104, 105, 106, 117, 118, 127, 129, 131, 133, 136, 137, 139, 140, 141, 142, 143, 145, 147, 154, 155, 156, 158, 160, 162, 164, 166, 167, 168, 169, 170, 171, 174, 177, 178, 179, 180, 182, 184, 200, 202, 204, 205, 207, 208, 209, 211, 213, 214, 217, 218, 219, 226, 229, 230, 231, 238, 241, 242, 243, 250, 253, 254, 255, 256, 264, 267, 278, 280, 282, 283, 284, 286, 289, 290, 291, 294, 295, 296, 298, 300, 303, 304, 307, 308, 309, 311, 313, 315, 317, 319, 324, 327, 328, 329, 331, 333, 335, 337, 338, 339, 346, 347, 354, 355, 362, 363, 371, 373, 375, 376, 378, 380, 382, 383, 384, 386, 392, 394, 395, 397, 398, 399, 400, 401, 403, 405, 406, 407, 408, 410, 411, 414, 416, 417, 418, 421, 424, 425, 426, 427, 428, 430, 432, 434, 436, 439, 440, 442, 444, 445, 448, 449, 452, 455, 458, 460, 471, 472, 473, 475, 477, 478, 479, 481, 483, 484, 485, 488, 489, 490, 492, 493, 494, 496, 497, 498, 501, 502, 503, 504, 505, 508, 509, 510, 511, 513, 521, 522, 523, 525, 528, 529, 530, 531, 540, 542, 544, 545, 550, 552, 554, 555, 557, 558, 559, 561, 567, 569, 572, 573, 574, 584, 585, 594, 595, 596, 598, 599, 608, 610, 612, 613, 615, 617, 619, 620, 621, 624, 627, 628, 630, 631, 632, 634, 642, 643, 644, 646, 648, 650, 652, 653, 654, 655, 656, 657, 658, 659, 660, 662, 664, 666, 668, 669, 672, 673, 676, 677, 680, 681, 683, 685, 686, 689, 692, 693, 694, 695, 697, 699, 701, 703, 704, 707, 708, 710, 713, 716, 719, 722, 724, 735, 736, 737, 739, 741, 748, 749, 752, 753, 754, 757, 758, 759, 760, 763, 764, 765, 766, 769, 770, 773, 774, 776, 778, 779, 781, 783, 785, 787, 795, 796, 797, 798, 799, 802, 803, 804, 805, 806, 807, 808, 811, 812, 813, 814, 815, 816, 819, 820, 821, 822, 823, 825, 827, 829, 832, 833, 834, 840, 847, 848, 849, 855, 862, 863, 869, 875, 877, 879, 908, 911, 912, 915, 916, 917, 918, 920, 922, 924, 931, 932, 934, 935, 936, 937, 938, 939, 941, 943, 961], "excluded_lines": []}, "src/fortimanager/fortimanager_analytics_engine.py": {"executed_lines": [2, 7, 8, 9, 11, 14, 15, 17, 21, 22, 24, 25, 26, 29, 32, 33, 34, 35, 37, 41, 45, 49, 53, 57, 69, 77, 89], "summary": {"covered_lines": 26, "num_statements": 38, "percent_covered": 68.42105263157895, "percent_covered_display": "68", "missing_lines": 12, "excluded_lines": 0}, "missing_lines": [39, 43, 47, 51, 55, 66, 71, 72, 73, 81, 83, 85], "excluded_lines": []}, "src/fortimanager/fortimanager_compliance_automation.py": {"executed_lines": [2, 7, 8, 9, 10, 12, 14, 15, 16, 18, 21, 22, 24, 25, 26, 29, 30, 31, 34, 35, 36, 38, 48, 56, 57, 60, 61, 62, 64, 68, 71, 78, 80, 85, 97, 98, 110, 111, 113, 114, 118, 124, 126, 129, 131, 136, 141, 144, 146, 152, 153, 189, 237, 257, 278, 307, 311, 315, 319], "summary": {"covered_lines": 58, "num_statements": 132, "percent_covered": 43.93939393939394, "percent_covered_display": "44", "missing_lines": 74, "excluded_lines": 0}, "missing_lines": [66, 86, 87, 94, 99, 100, 107, 116, 120, 121, 122, 134, 139, 147, 148, 149, 150, 155, 157, 158, 159, 160, 161, 163, 165, 166, 167, 169, 170, 171, 172, 173, 174, 175, 177, 178, 180, 198, 199, 204, 206, 207, 208, 214, 217, 224, 227, 228, 230, 232, 233, 234, 246, 248, 249, 254, 255, 266, 269, 270, 275, 276, 287, 289, 290, 292, 293, 299, 303, 304, 309, 313, 317, 321], "excluded_lines": []}, "src/fortimanager/fortimanager_policy_orchestrator.py": {"executed_lines": [2, 7, 8, 9, 10, 11, 12, 13, 14, 16, 18, 21, 22, 23, 25, 26, 27, 28, 29, 30, 31, 32, 35, 36, 37, 39, 40, 41, 42, 43, 44, 45, 46, 47, 48, 51, 52, 54, 55, 56, 57, 58, 59, 60, 63, 65, 69, 117, 149, 163, 211, 233, 272, 310, 353, 407, 439, 473, 505, 549, 578, 597, 617, 636, 642, 648, 655, 664, 683, 700, 735, 747, 787, 800, 807, 817, 843, 902, 926], "summary": {"covered_lines": 76, "num_statements": 359, "percent_covered": 21.16991643454039, "percent_covered_display": "21", "missing_lines": 283, "excluded_lines": 0}, "missing_lines": [172, 173, 178, 181, 182, 183, 186, 189, 190, 192, 193, 194, 197, 199, 200, 201, 203, 205, 221, 229, 230, 231, 236, 237, 238, 240, 241, 242, 245, 246, 248, 249, 250, 253, 254, 255, 258, 259, 260, 262, 275, 276, 277, 280, 283, 294, 295, 296, 297, 298, 308, 313, 321, 322, 323, 324, 325, 333, 336, 337, 338, 339, 340, 341, 342, 351, 357, 358, 360, 363, 366, 367, 368, 378, 379, 380, 381, 382, 393, 394, 395, 405, 418, 420, 431, 434, 435, 437, 442, 443, 444, 446, 448, 457, 459, 468, 470, 476, 477, 478, 483, 484, 485, 487, 488, 492, 493, 497, 498, 503, 508, 511, 512, 513, 514, 515, 516, 519, 520, 521, 522, 524, 525, 527, 528, 529, 531, 532, 533, 534, 535, 537, 539, 541, 543, 545, 547, 552, 554, 555, 556, 563, 564, 565, 573, 582, 583, 584, 585, 587, 588, 595, 603, 608, 615, 621, 622, 627, 634, 640, 646, 651, 652, 653, 658, 659, 661, 662, 667, 669, 670, 671, 672, 673, 678, 679, 681, 686, 688, 689, 690, 692, 693, 695, 696, 698, 703, 704, 705, 706, 712, 713, 726, 727, 728, 733, 740, 750, 761, 762, 763, 764, 765, 766, 767, 768, 769, 772, 773, 774, 785, 790, 805, 810, 820, 823, 825, 827, 828, 829, 832, 833, 834, 837, 838, 839, 841, 846, 848, 849, 851, 852, 855, 856, 857, 861, 862, 863, 865, 866, 867, 868, 870, 871, 874, 875, 876, 878, 879, 880, 881, 883, 884, 887, 888, 889, 891, 892, 893, 894, 896, 898, 899, 900, 904, 905, 907, 909, 910, 911, 913, 914, 921, 923, 924, 929, 942, 943, 944, 947, 948, 949, 951], "excluded_lines": []}, "src/fortimanager/fortimanager_security_fabric.py": {"executed_lines": [2, 7, 8, 9, 10, 11, 12, 13, 14, 15, 16, 17, 19, 21, 24, 25, 27, 28, 29, 30, 31, 34, 35, 37, 38, 39, 40, 41, 42, 43, 44, 47, 48, 49, 51, 52, 53, 54, 55, 56, 57, 58, 59, 60, 61, 64, 65, 66, 68, 69, 70, 71, 72, 73, 74, 75, 76, 79, 80, 81, 83, 84, 85, 86, 87, 88, 89, 90, 91, 94, 95, 97, 98, 99, 100, 101, 102, 103, 104, 105, 108, 109, 112, 113, 116, 118, 122, 146, 174, 201, 263, 322, 359, 417, 485, 520, 563, 580, 609, 634, 663, 678, 697, 713, 734, 753, 788, 797, 806, 812, 818, 827, 833, 854, 865, 871, 876, 887, 898, 909, 920], "summary": {"covered_lines": 115, "num_statements": 365, "percent_covered": 31.506849315068493, "percent_covered_display": "32", "missing_lines": 250, "excluded_lines": 0}, "missing_lines": [204, 214, 216, 218, 219, 229, 230, 243, 250, 251, 253, 259, 260, 261, 266, 267, 268, 270, 271, 272, 287, 289, 290, 291, 292, 293, 296, 297, 298, 301, 303, 304, 312, 314, 325, 328, 329, 332, 335, 336, 338, 340, 351, 352, 355, 357, 362, 363, 364, 366, 374, 375, 376, 378, 379, 388, 396, 403, 404, 407, 408, 410, 412, 420, 423, 426, 435, 436, 437, 438, 441, 442, 443, 444, 446, 453, 454, 456, 463, 469, 470, 471, 477, 488, 491, 494, 495, 496, 497, 499, 500, 502, 504, 506, 507, 508, 515, 523, 534, 536, 537, 538, 539, 540, 541, 544, 546, 549, 550, 551, 560, 566, 569, 570, 572, 573, 576, 578, 584, 589, 590, 591, 602, 603, 604, 605, 606, 607, 612, 615, 616, 627, 629, 630, 632, 637, 640, 641, 642, 643, 646, 647, 648, 651, 652, 653, 656, 657, 658, 659, 661, 666, 667, 670, 673, 674, 676, 682, 684, 685, 686, 687, 688, 689, 690, 691, 692, 693, 695, 700, 702, 703, 704, 705, 706, 707, 708, 709, 711, 717, 718, 719, 720, 721, 723, 724, 727, 728, 729, 730, 731, 732, 737, 739, 740, 741, 742, 743, 744, 745, 746, 748, 756, 758, 760, 761, 762, 763, 764, 765, 770, 772, 773, 774, 775, 776, 777, 783, 791, 792, 793, 794, 795, 801, 810, 816, 822, 831, 836, 839, 840, 842, 843, 846, 849, 850, 852, 858, 869, 879, 885, 890, 896, 901, 907, 912, 918, 923, 925, 932], "excluded_lines": []}, "src/itsm/__init__.py": {"executed_lines": [1], "summary": {"covered_lines": 0, "num_statements": 0, "percent_covered": 100.0, "percent_covered_display": "100", "missing_lines": 0, "excluded_lines": 0}, "missing_lines": [], "excluded_lines": []}, "src/itsm/automation_service.py": {"executed_lines": [3, 8, 9, 10, 11, 12, 13, 15, 16, 18, 19, 21, 24, 25, 27, 34, 35, 36, 37, 40, 41, 42, 45, 54, 56, 58, 59, 60, 61, 62, 71, 80, 115, 125, 127, 129, 130, 131, 132, 133, 137, 147, 148, 151, 152, 153, 160, 163, 164, 166, 172, 177, 209, 214, 229, 264, 274, 312, 347, 354, 371, 398, 416, 419, 422, 423, 424], "summary": {"covered_lines": 66, "num_statements": 203, "percent_covered": 32.51231527093596, "percent_covered_display": "33", "missing_lines": 137, "excluded_lines": 0}, "missing_lines": [64, 65, 67, 68, 69, 73, 74, 76, 77, 78, 82, 112, 113, 117, 118, 119, 120, 121, 122, 123, 134, 135, 168, 169, 170, 179, 180, 181, 183, 184, 185, 187, 188, 189, 191, 193, 194, 195, 196, 197, 200, 202, 203, 204, 206, 207, 211, 212, 216, 217, 218, 221, 223, 224, 225, 227, 231, 232, 234, 236, 239, 240, 242, 243, 244, 246, 249, 250, 251, 252, 254, 257, 259, 260, 261, 262, 267, 269, 270, 276, 278, 279, 280, 282, 284, 285, 288, 289, 291, 292, 293, 294, 295, 298, 299, 305, 306, 308, 309, 310, 314, 315, 316, 318, 345, 349, 350, 352, 356, 357, 359, 362, 363, 364, 365, 366, 367, 369, 373, 374, 376, 377, 379, 381, 383, 390, 395, 396, 400, 401, 404, 405, 407, 408, 410, 411, 412], "excluded_lines": []}, "src/itsm/external_connector.py": {"executed_lines": [3, 8, 9, 10, 11, 12, 14, 17, 18, 20, 25, 27, 30, 31, 33, 34, 35, 36, 37, 38, 41, 42, 43, 45, 46, 47, 48, 49, 50, 51, 52, 53, 54, 55, 56, 58, 63, 64, 65, 67, 68, 69, 70, 71, 72, 73, 74, 75, 77, 78, 82, 83, 85, 92, 93, 94, 95, 98, 114, 126, 128, 130, 132, 136, 145, 147, 155, 157, 159, 177, 211, 225, 243, 267, 286, 302, 324, 341, 367, 393, 416, 421, 460, 483, 510, 526, 538, 547, 560, 569], "summary": {"covered_lines": 86, "num_statements": 283, "percent_covered": 30.3886925795053, "percent_covered_display": "30", "missing_lines": 197, "excluded_lines": 0}, "missing_lines": [21, 22, 23, 59, 60, 79, 134, 138, 161, 162, 163, 165, 166, 167, 168, 170, 171, 173, 174, 175, 187, 188, 190, 191, 193, 194, 195, 196, 198, 199, 200, 201, 202, 204, 205, 207, 208, 209, 213, 214, 216, 217, 218, 219, 220, 221, 223, 227, 229, 235, 236, 237, 238, 240, 241, 245, 247, 253, 259, 260, 261, 262, 264, 265, 269, 271, 278, 279, 280, 281, 283, 284, 288, 290, 295, 296, 297, 299, 300, 304, 307, 308, 309, 310, 311, 312, 313, 315, 318, 319, 320, 322, 326, 328, 329, 330, 331, 332, 333, 335, 337, 338, 339, 343, 346, 347, 350, 351, 353, 354, 365, 369, 370, 373, 374, 376, 377, 379, 380, 391, 395, 398, 399, 400, 414, 419, 423, 426, 427, 430, 437, 438, 439, 442, 444, 445, 458, 462, 464, 465, 466, 467, 468, 469, 470, 471, 472, 473, 474, 475, 476, 477, 478, 479, 481, 485, 486, 489, 490, 491, 492, 495, 502, 503, 504, 505, 506, 508, 512, 513, 514, 515, 516, 517, 518, 520, 522, 523, 524, 528, 530, 535, 536, 541, 542, 544, 545, 549, 551, 557, 558, 562, 564, 566, 567, 571, 579], "excluded_lines": []}, "src/itsm/fortigate_bridge.py": {"executed_lines": [], "summary": {"covered_lines": 0, "num_statements": 231, "percent_covered": 0.0, "percent_covered_display": "0", "missing_lines": 231, "excluded_lines": 0}, "missing_lines": [3, 8, 9, 10, 12, 13, 14, 15, 16, 18, 21, 24, 54, 57, 63, 66, 67, 68, 74, 77, 78, 79, 85, 88, 89, 92, 93, 94, 96, 98, 100, 103, 104, 105, 107, 108, 109, 110, 112, 113, 114, 115, 116, 117, 119, 121, 123, 126, 128, 129, 130, 132, 135, 136, 137, 138, 139, 141, 142, 144, 146, 148, 149, 152, 155, 157, 158, 159, 162, 170, 171, 173, 176, 178, 180, 181, 182, 184, 186, 187, 188, 189, 190, 192, 193, 195, 196, 198, 200, 201, 202, 203, 206, 207, 209, 210, 212, 214, 215, 216, 225, 226, 227, 229, 231, 232, 233, 235, 237, 239, 240, 241, 242, 245, 246, 251, 252, 255, 267, 269, 270, 277, 283, 284, 290, 292, 294, 295, 296, 297, 301, 302, 303, 305, 307, 309, 311, 313, 315, 317, 318, 320, 321, 322, 327, 329, 330, 331, 332, 334, 335, 336, 338, 340, 341, 343, 344, 346, 347, 349, 351, 352, 354, 355, 356, 358, 359, 360, 362, 363, 364, 366, 368, 370, 372, 373, 375, 376, 378, 380, 381, 383, 385, 386, 387, 389, 391, 393, 395, 397, 398, 399, 400, 401, 402, 404, 406, 407, 408, 409, 410, 411, 413, 415, 416, 417, 418, 419, 420, 423, 424, 425, 426, 427, 428, 429, 431, 433, 434, 435, 437, 440, 441, 442, 444, 446, 447, 449, 450, 451, 453], "excluded_lines": []}, "src/itsm/integration.py": {"executed_lines": [3, 8, 9, 10, 12, 14, 16, 19, 20, 22, 54, 108, 142, 286, 314, 327, 345, 366, 385, 403, 435, 458, 481, 501, 506, 558, 593, 603], "summary": {"covered_lines": 27, "num_statements": 211, "percent_covered": 12.796208530805687, "percent_covered_display": "13", "missing_lines": 184, "excluded_lines": 0}, "missing_lines": [30, 33, 34, 36, 37, 38, 41, 48, 51, 52, 74, 75, 76, 77, 78, 79, 82, 83, 86, 89, 91, 101, 102, 104, 105, 106, 118, 119, 122, 123, 124, 126, 127, 128, 129, 130, 131, 132, 133, 134, 136, 138, 139, 140, 157, 160, 188, 190, 210, 212, 232, 234, 244, 246, 268, 269, 270, 282, 284, 300, 301, 302, 304, 312, 316, 317, 318, 319, 320, 321, 322, 323, 325, 329, 331, 332, 334, 335, 337, 338, 340, 341, 343, 347, 350, 353, 356, 357, 358, 360, 361, 362, 364, 368, 374, 375, 376, 378, 379, 380, 381, 383, 387, 393, 394, 395, 397, 398, 399, 401, 405, 408, 409, 410, 411, 414, 415, 416, 417, 418, 419, 420, 423, 424, 426, 427, 428, 429, 430, 431, 433, 439, 445, 447, 448, 449, 450, 451, 452, 453, 454, 456, 464, 466, 467, 477, 479, 483, 484, 485, 486, 487, 488, 490, 491, 492, 493, 494, 495, 496, 497, 499, 503, 504, 517, 519, 534, 536, 547, 548, 550, 551, 552, 560, 581, 582, 584, 588, 589, 591, 595, 601, 626, 637], "excluded_lines": []}, "src/itsm/policy_automation.py": {"executed_lines": [3, 8, 9, 10, 11, 12, 13, 15, 16, 17, 19, 21, 24, 25, 27, 28, 29, 32, 33, 35, 36, 37, 38, 39, 42, 43, 44, 46, 47, 48, 49, 50, 52, 53, 57, 58, 59, 61, 62, 63, 64, 65, 66, 67, 70, 71, 72, 74, 75, 76, 77, 78, 79, 82, 83, 84, 86, 87, 88, 89, 90, 91, 93, 98, 99, 101, 108, 109, 110, 111, 114, 117, 119, 121, 159, 160, 162, 165, 200, 201, 203, 219, 268, 322, 350, 382, 405, 422, 459, 506, 532, 623, 666, 710, 716, 756, 764], "summary": {"covered_lines": 90, "num_statements": 295, "percent_covered": 30.508474576271187, "percent_covered_display": "31", "missing_lines": 205, "excluded_lines": 0}, "missing_lines": [54, 94, 95, 205, 206, 208, 209, 210, 213, 215, 216, 217, 221, 224, 225, 227, 228, 229, 239, 242, 245, 248, 251, 253, 262, 266, 275, 278, 280, 281, 282, 285, 288, 289, 290, 293, 294, 295, 298, 300, 304, 305, 307, 309, 313, 314, 317, 319, 320, 329, 330, 333, 336, 338, 339, 340, 342, 344, 345, 346, 348, 358, 360, 361, 378, 380, 384, 387, 398, 399, 400, 403, 408, 409, 412, 416, 420, 429, 432, 433, 444, 445, 455, 457, 466, 467, 470, 471, 474, 478, 479, 482, 483, 484, 485, 488, 489, 490, 493, 494, 495, 496, 498, 500, 501, 502, 504, 515, 516, 519, 523, 526, 527, 530, 534, 536, 537, 538, 539, 541, 543, 544, 554, 555, 559, 560, 563, 565, 566, 568, 569, 572, 574, 575, 576, 577, 579, 580, 582, 583, 584, 585, 588, 589, 590, 591, 593, 595, 605, 607, 608, 610, 611, 612, 614, 625, 627, 642, 643, 646, 648, 649, 658, 663, 664, 668, 670, 671, 678, 693, 695, 696, 705, 707, 708, 713, 714, 718, 721, 722, 724, 726, 727, 729, 732, 733, 736, 737, 743, 749, 750, 751, 753, 754, 758, 766, 767, 776, 777, 778, 780, 781, 782, 784, 786], "excluded_lines": []}, "src/itsm/policy_mapper.py": {"executed_lines": [], "summary": {"covered_lines": 0, "num_statements": 212, "percent_covered": 0.0, "percent_covered_display": "0", "missing_lines": 212, "excluded_lines": 0}, "missing_lines": [3, 8, 9, 10, 11, 13, 15, 18, 21, 25, 59, 79, 110, 120, 121, 124, 125, 126, 127, 128, 131, 132, 135, 136, 139, 142, 145, 146, 147, 157, 160, 178, 179, 181, 182, 183, 190, 192, 193, 196, 197, 199, 200, 201, 202, 204, 206, 207, 208, 211, 212, 213, 215, 216, 218, 220, 222, 224, 225, 227, 228, 230, 231, 232, 233, 234, 237, 239, 240, 242, 244, 247, 249, 250, 252, 253, 255, 256, 258, 259, 261, 264, 267, 268, 269, 271, 273, 275, 282, 283, 286, 288, 289, 290, 291, 293, 295, 296, 297, 298, 299, 300, 303, 304, 305, 308, 309, 311, 313, 314, 316, 318, 331, 332, 335, 338, 339, 342, 343, 346, 349, 359, 381, 383, 385, 387, 388, 389, 391, 393, 395, 397, 398, 399, 408, 410, 421, 424, 425, 426, 427, 428, 429, 432, 433, 434, 435, 436, 437, 438, 440, 441, 442, 445, 446, 447, 448, 449, 452, 453, 456, 457, 460, 461, 464, 465, 466, 467, 469, 471, 474, 475, 476, 478, 480, 487, 488, 489, 490, 492, 4
[...]
 154, 155, 156, 157, 162, 176, 189, 190, 195, 200, 201, 202, 203, 204, 205, 219, 220, 221, 224, 225, 226, 229, 230, 231, 233], "excluded_lines": []}, "src/utils/config_helpers.py": {"executed_lines": [3, 8, 9, 10, 11, 13, 15, 18, 19, 21, 23, 25, 26, 27, 29, 30, 33, 34, 35, 36, 37, 39, 66, 89, 101, 125, 139, 156, 160, 164, 188, 197, 206, 221, 240, 267, 279, 280, 281], "summary": {"covered_lines": 38, "num_statements": 169, "percent_covered": 22.485207100591715, "percent_covered_display": "22", "missing_lines": 131, "excluded_lines": 0}, "missing_lines": [31, 41, 42, 44, 45, 46, 49, 50, 51, 53, 55, 56, 57, 58, 60, 61, 62, 64, 68, 70, 71, 72, 74, 76, 78, 79, 81, 82, 83, 85, 86, 87, 91, 92, 94, 95, 96, 97, 98, 99, 103, 104, 106, 108, 109, 110, 111, 114, 116, 117, 119, 121, 122, 123, 127, 128, 130, 131, 133, 135, 136, 137, 141, 142, 144, 145, 147, 148, 149, 151, 152, 154, 158, 162, 166, 167, 169, 171, 172, 175, 176, 178, 179, 181, 183, 184, 186, 190, 199, 200, 201, 203, 208, 210, 211, 213, 216, 218, 223, 224, 225, 226, 229, 230, 231, 233, 234, 235, 237, 242, 244, 245, 246, 248, 249, 250, 252, 254, 255, 256, 258, 259, 260, 261, 263, 264, 269, 271, 272, 273, 275], "excluded_lines": []}, "src/utils/data_transformer.py": {"executed_lines": [3, 8, 9, 10, 11, 14, 15, 17, 18, 25, 39, 58, 75, 92], "summary": {"covered_lines": 13, "num_statements": 31, "percent_covered": 41.935483870967744, "percent_covered_display": "42", "missing_lines": 18, "excluded_lines": 0}, "missing_lines": [36, 37, 41, 42, 45, 56, 61, 63, 64, 73, 78, 79, 81, 86, 87, 88, 90, 95], "excluded_lines": []}, "src/utils/diagnostic.py": {"executed_lines": [1, 6, 7, 8, 9, 10, 11, 12, 14, 16, 19, 20, 22, 26, 50, 72, 101, 121, 147, 196, 221, 252, 337, 354, 367, 378, 403, 411, 426], "summary": {"covered_lines": 27, "num_statements": 197, "percent_covered": 13.705583756345177, "percent_covered_display": "14", "missing_lines": 170, "excluded_lines": 0}, "missing_lines": [23, 24, 28, 30, 43, 46, 48, 52, 53, 68, 69, 70, 74, 82, 83, 84, 85, 86, 87, 88, 91, 92, 93, 94, 95, 96, 97, 99, 103, 110, 111, 112, 113, 114, 115, 116, 117, 119, 123, 132, 133, 134, 135, 143, 145, 149, 156, 158, 159, 160, 161, 163, 164, 165, 166, 169, 170, 171, 172, 173, 176, 177, 178, 179, 188, 189, 190, 191, 192, 194, 198, 201, 212, 213, 214, 215, 216, 217, 219, 223, 229, 230, 231, 232, 233, 234, 242, 243, 244, 245, 246, 247, 248, 250, 254, 257, 258, 268, 269, 270, 279, 280, 290, 291, 292, 302, 303, 304, 305, 315, 316, 317, 325, 326, 335, 339, 340, 341, 342, 343, 344, 345, 346, 347, 348, 349, 350, 351, 352, 356, 357, 358, 364, 365, 369, 370, 371, 372, 373, 374, 375, 376, 380, 381, 382, 384, 385, 386, 387, 388, 395, 397, 398, 399, 401, 405, 406, 407, 408, 409, 413, 414, 416, 417, 419, 420, 422, 427, 428, 429], "excluded_lines": []}, "src/utils/enhanced_security.py": {"executed_lines": [1, 12, 13, 14, 15, 16, 17, 19, 21, 23, 26, 27, 30, 32, 33, 87, 88, 110, 111, 163, 164, 197, 198, 232, 233, 264, 265, 275, 276, 304, 305, 307, 308, 310, 311, 361, 362, 372, 451, 477], "summary": {"covered_lines": 37, "num_statements": 224, "percent_covered": 16.517857142857142, "percent_covered_display": "17", "missing_lines": 187, "excluded_lines": 0}, "missing_lines": [51, 52, 53, 55, 56, 58, 70, 71, 73, 79, 80, 82, 84, 85, 90, 91, 94, 95, 98, 101, 102, 108, 121, 122, 124, 126, 128, 141, 143, 144, 145, 147, 148, 149, 152, 153, 156, 157, 158, 159, 161, 166, 167, 168, 169, 171, 174, 175, 181, 182, 185, 186, 189, 190, 191, 193, 194, 195, 200, 211, 212, 213, 216, 217, 218, 221, 222, 223, 226, 227, 228, 230, 244, 246, 248, 250, 251, 252, 254, 255, 256, 258, 260, 261, 262, 267, 268, 270, 271, 272, 273, 286, 287, 288, 291, 292, 293, 294, 297, 329, 332, 333, 334, 335, 337, 340, 341, 343, 344, 349, 351, 353, 354, 355, 358, 359, 364, 365, 366, 367, 368, 381, 382, 383, 385, 386, 387, 398, 399, 400, 405, 406, 407, 408, 414, 415, 419, 425, 426, 427, 428, 432, 443, 444, 446, 448, 454, 455, 456, 457, 458, 464, 465, 466, 467, 472, 474, 495, 496, 497, 498, 501, 502, 503, 504, 515, 516, 517, 518, 529, 530, 531, 532, 537, 538, 539, 540, 551, 552, 562, 563, 564, 565, 575, 577, 579, 581], "excluded_lines": []}, "src/utils/error_handling.py": {"executed_lines": [], "summary": {"covered_lines": 0, "num_statements": 145, "percent_covered": 0.0, "percent_covered_display": "0", "missing_lines": 145, "excluded_lines": 0}, "missing_lines": [2, 14, 15, 16, 18, 20, 31, 35, 38, 41, 44, 47, 50, 53, 56, 60, 71, 72, 73, 74, 76, 78, 80, 81, 82, 83, 85, 87, 88, 89, 90, 91, 92, 94, 95, 96, 97, 98, 99, 101, 102, 103, 105, 107, 108, 109, 110, 112, 113, 114, 115, 116, 117, 118, 120, 122, 125, 141, 142, 143, 144, 145, 147, 148, 149, 150, 151, 152, 153, 157, 158, 160, 161, 162, 164, 165, 168, 169, 171, 173, 177, 189, 190, 192, 200, 201, 206, 208, 211, 221, 222, 223, 224, 225, 226, 227, 228, 229, 230, 231, 232, 233, 234, 236, 240, 245, 246, 247, 248, 249, 250, 252, 253, 254, 255, 257, 258, 260, 261, 262, 264, 265, 269, 270, 272, 276, 289, 290, 291, 292, 293, 296, 307, 308, 309, 312, 322, 323, 326, 327, 328, 329, 330, 331, 333], "excluded_lines": []}, "src/utils/exception_handlers.py": {"executed_lines": [1, 8, 9, 10, 12, 27, 48, 49, 51, 52, 54, 86, 101, 117, 131, 149, 165, 168, 184, 199, 218, 233, 265, 276, 291], "summary": {"covered_lines": 23, "num_statements": 170, "percent_covered": 13.529411764705882, "percent_covered_display": "14", "missing_lines": 147, "excluded_lines": 0}, "missing_lines": [56, 57, 60, 61, 62, 63, 64, 65, 66, 68, 74, 75, 77, 78, 80, 81, 84, 88, 89, 103, 104, 105, 106, 107, 108, 109, 110, 112, 114, 115, 119, 120, 121, 122, 123, 124, 126, 128, 129, 133, 134, 135, 136, 137, 138, 139, 140, 141, 143, 144, 146, 147, 152, 153, 156, 157, 159, 161, 171, 172, 173, 174, 175, 176, 177, 179, 181, 187, 188, 189, 190, 191, 192, 193, 194, 196, 202, 203, 204, 205, 206, 211, 212, 213, 215, 221, 222, 223, 224, 225, 226, 227, 228, 230, 236, 237, 238, 239, 240, 241, 246, 247, 248, 249, 254, 255, 256, 257, 258, 260, 262, 267, 268, 269, 270, 271, 272, 273, 278, 280, 281, 282, 283, 284, 285, 287, 294, 295, 296, 298, 299, 300, 302, 303, 304, 306, 307, 308, 310, 311, 312, 314, 315, 316, 318, 319, 320], "excluded_lines": []}, "src/utils/integration_test_framework.py": {"executed_lines": [], "summary": {"covered_lines": 0, "num_statements": 151, "percent_covered": 0.0, "percent_covered_display": "0", "missing_lines": 151, "excluded_lines": 6}, "missing_lines": [3, 8, 9, 10, 11, 12, 13, 14, 15, 16, 17, 20, 22, 25, 26, 29, 30, 31, 32, 33, 36, 39, 40, 41, 42, 43, 45, 48, 49, 50, 51, 53, 54, 55, 56, 58, 66, 67, 69, 70, 71, 73, 81, 82, 83, 86, 87, 89, 91, 93, 95, 97, 100, 102, 105, 107, 109, 112, 114, 116, 119, 120, 123, 132, 133, 136, 137, 138, 139, 141, 142, 143, 145, 146, 147, 151, 152, 153, 155, 157, 158, 161, 162, 163, 164, 166, 167, 169, 170, 171, 172, 174, 175, 176, 177, 179, 181, 182, 184, 188, 191, 192, 193, 194, 195, 196, 197, 199, 200, 202, 203, 204, 205, 206, 208, 219, 222, 228, 230, 231, 234, 235, 236, 238, 243, 244, 246, 248, 249, 251, 252, 254, 261, 263, 265, 266, 268, 270, 271, 272, 279, 280, 282, 285, 287, 288, 289, 290, 292, 293, 294], "excluded_lines": [98, 103, 108, 110, 115, 117]}, "src/utils/logger_strategies.py": {"executed_lines": [], "summary": {"covered_lines": 0, "num_statements": 183, "percent_covered": 0.0, "percent_covered_display": "0", "missing_lines": 183, "excluded_lines": 0}, "missing_lines": [2, 7, 8, 9, 10, 12, 15, 18, 19, 20, 21, 23, 25, 28, 30, 31, 34, 35, 37, 40, 41, 42, 43, 45, 48, 51, 53, 56, 58, 59, 62, 63, 65, 68, 69, 70, 71, 73, 76, 79, 81, 84, 86, 88, 93, 94, 96, 99, 102, 104, 107, 109, 112, 113, 115, 121, 124, 126, 128, 142, 143, 146, 147, 149, 150, 152, 155, 158, 159, 161, 163, 165, 167, 169, 171, 174, 175, 183, 184, 186, 187, 189, 192, 195, 197, 199, 209, 220, 221, 222, 224, 227, 230, 231, 234, 246, 250, 253, 254, 256, 263, 264, 265, 267, 269, 270, 272, 274, 275, 276, 277, 279, 283, 285, 287, 288, 289, 291, 294, 296, 298, 299, 300, 302, 306, 309, 310, 311, 313, 314, 315, 316, 318, 319, 320, 321, 322, 323, 324, 326, 327, 328, 329, 331, 334, 344, 345, 346, 347, 349, 351, 353, 356, 359, 360, 362, 363, 364, 366, 367, 370, 380, 381, 382, 384, 385, 387, 389, 399, 400, 401, 403, 404, 406, 408, 411, 413, 414, 416, 418, 419, 420, 421], "excluded_lines": []}, "src/utils/mock_server.py": {"executed_lines": [], "summary": {"covered_lines": 0, "num_statements": 0, "percent_covered": 100.0, "percent_covered_display": "100", "missing_lines": 0, "excluded_lines": 0}, "missing_lines": [], "excluded_lines": []}, "src/utils/performance_optimizer.py": {"executed_lines": [2, 7, 8, 9, 10, 11, 12, 13, 14, 15, 16, 17, 19, 22, 23, 24, 26, 27, 28, 29, 30, 31, 32, 33, 36, 37, 39, 40, 41, 42, 43, 44, 46, 59, 71, 76, 83, 98, 99, 101, 102, 103, 104, 106, 136, 149, 188, 210, 233, 234, 236, 241, 271, 285, 286, 288, 289, 310, 311, 330, 331, 346, 350, 355, 386, 389, 390, 400, 404, 406, 407, 411, 412, 414, 415, 418, 420, 423, 430, 434, 435], "summary": {"covered_lines": 76, "num_statements": 234, "percent_covered": 32.47863247863248, "percent_covered_display": "32", "missing_lines": 158, "excluded_lines": 0}, "missing_lines": [48, 49, 51, 52, 53, 54, 56, 57, 61, 62, 64, 65, 67, 69, 73, 74, 78, 79, 80, 81, 85, 86, 87, 89, 109, 110, 111, 112, 114, 115, 116, 117, 118, 119, 121, 122, 124, 125, 127, 129, 130, 132, 134, 138, 139, 141, 143, 144, 145, 147, 157, 158, 161, 162, 163, 164, 165, 166, 168, 169, 171, 182, 185, 186, 190, 191, 193, 194, 195, 197, 198, 208, 212, 214, 215, 216, 217, 219, 220, 221, 230, 237, 238, 239, 248, 249, 250, 253, 255, 257, 258, 263, 264, 266, 267, 269, 273, 274, 275, 278, 279, 280, 281, 282, 292, 293, 294, 295, 297, 298, 301, 302, 304, 305, 307, 308, 313, 315, 316, 318, 319, 320, 322, 323, 324, 326, 328, 333, 335, 336, 337, 338, 340, 342, 352, 358, 359, 361, 362, 364, 367, 368, 369, 372, 373, 375, 378, 379, 381, 383, 391, 392, 393, 395, 396, 398, 409, 410], "excluded_lines": []}, "src/utils/redis_cache.py": {"executed_lines": [], "summary": {"covered_lines": 0, "num_statements": 55, "percent_covered": 0.0, "percent_covered_display": "0", "missing_lines": 55, "excluded_lines": 0}, "missing_lines": [3, 8, 9, 10, 12, 14, 17, 20, 21, 22, 24, 26, 28, 30, 32, 34, 36, 38, 40, 43, 44, 45, 47, 49, 52, 64, 67, 75, 76, 77, 79, 80, 83, 86, 87, 88, 89, 92, 93, 96, 98, 101, 102, 103, 105, 106, 108, 111, 113, 114, 115, 118, 120, 124, 126], "excluded_lines": []}, "src/utils/route_helpers.py": {"executed_lines": [3, 8, 9, 10, 11, 13, 15, 16, 18, 21, 45, 77, 98, 125, 153, 169, 186, 216, 225, 240], "summary": {"covered_lines": 20, "num_statements": 111, "percent_covered": 18.01801801801802, "percent_covered_display": "18", "missing_lines": 91, "excluded_lines": 0}, "missing_lines": [28, 33, 34, 36, 37, 39, 40, 42, 48, 49, 50, 51, 52, 53, 54, 59, 60, 61, 66, 67, 68, 74, 80, 81, 82, 83, 89, 90, 91, 93, 95, 101, 102, 103, 104, 106, 107, 109, 111, 112, 118, 120, 122, 132, 134, 135, 141, 144, 146, 148, 150, 155, 156, 159, 160, 162, 171, 173, 188, 190, 192, 193, 194, 196, 197, 198, 199, 202, 203, 204, 207, 210, 212, 213, 218, 219, 220, 221, 222, 227, 228, 231, 234, 235, 237, 242, 250, 251, 253, 254, 256], "excluded_lines": []}, "src/utils/security.py": {"executed_lines": [1, 5, 6, 7, 8, 9, 10, 11, 12, 14, 16, 17, 20, 48, 50, 51, 52, 55, 58, 59, 94, 97, 99, 100, 101, 104, 109, 158, 185, 186, 188, 189, 196, 197, 205, 206, 216, 217, 222, 223, 242, 245, 246, 247, 287, 289, 292, 293, 295, 296, 297, 299, 332, 350, 353, 355, 357, 360, 361, 362, 383, 385, 388, 403, 408, 413, 421], "summary": {"covered_lines": 64, "num_statements": 207, "percent_covered": 30.917874396135264, "percent_covered_display": "31", "missing_lines": 143, "excluded_lines": 0}, "missing_lines": [60, 62, 64, 65, 66, 71, 72, 73, 74, 85, 88, 89, 90, 92, 106, 111, 113, 114, 115, 117, 118, 120, 121, 122, 124, 125, 130, 131, 133, 134, 136, 137, 138, 139, 140, 143, 144, 147, 148, 149, 151, 153, 154, 155, 161, 162, 163, 164, 165, 170, 171, 172, 173, 179, 180, 182, 191, 194, 199, 200, 201, 202, 203, 208, 209, 211, 214, 219, 220, 225, 226, 229, 232, 233, 234, 235, 236, 239, 248, 251, 252, 253, 254, 266, 267, 268, 269, 270, 271, 273, 274, 285, 301, 302, 303, 304, 305, 308, 309, 310, 312, 315, 316, 319, 320, 323, 325, 326, 329, 330, 334, 335, 338, 339, 340, 341, 344, 345, 346, 356, 358, 364, 365, 366, 368, 370, 371, 381, 391, 393, 395, 397, 398, 399, 405, 410, 415, 424, 425, 426, 427, 429, 430], "excluded_lines": []}, "src/utils/security_fixes.py": {"executed_lines": [2, 7, 8, 9, 12, 13, 15, 19, 63, 81, 106, 140, 165, 187, 233, 246, 372], "summary": {"covered_lines": 16, "num_statements": 134, "percent_covered": 11.940298507462687, "percent_covered_display": "12", "missing_lines": 118, "excluded_lines": 0}, "missing_lines": [16, 17, 21, 24, 33, 42, 51, 54, 55, 56, 57, 58, 59, 61, 65, 74, 75, 76, 77, 79, 83, 86, 97, 98, 99, 100, 101, 102, 104, 108, 111, 131, 132, 133, 134, 135, 136, 138, 142, 145, 156, 157, 158, 159, 160, 161, 163, 167, 168, 169, 171, 173, 174, 177, 178, 179, 180, 182, 183, 185, 189, 190, 191, 193, 194, 195, 198, 200, 201, 204, 205, 206, 207, 208, 209, 214, 215, 216, 217, 219, 221, 223, 224, 225, 226, 228, 229, 231, 235, 243, 249, 373, 375, 376, 377, 378, 379, 380, 381, 382, 384, 386, 388, 389, 390, 391, 392, 393, 395, 396, 397, 398, 399, 401, 402, 403, 404, 405], "excluded_lines": []}, "src/utils/security_scanner.py": {"executed_lines": [], "summary": {"covered_lines": 0, "num_statements": 134, "percent_covered": 0.0, "percent_covered_display": "0", "missing_lines": 134, "excluded_lines": 0}, "missing_lines": [2, 7, 8, 9, 10, 11, 12, 13, 15, 18, 19, 22, 23, 24, 25, 26, 27, 28, 29, 32, 35, 37, 118, 125, 127, 129, 131, 133, 135, 136, 137, 140, 141, 143, 145, 147, 149, 151, 152, 153, 154, 157, 158, 159, 161, 162, 166, 167, 168, 169, 171, 182, 183, 185, 186, 188, 190, 192, 195, 213, 214, 215, 216, 217, 218, 220, 221, 224, 225, 226, 236, 238, 239, 241, 243, 246, 247, 249, 250, 251, 252, 253, 256, 263, 264, 265, 266, 267, 268, 269, 270, 272, 274, 297, 298, 299, 301, 303, 305, 317, 319, 320, 321, 323, 324, 326, 327, 329, 332, 334, 336, 339, 342, 343, 344, 345, 346, 347, 348, 351, 353, 355, 359, 360, 362, 363, 364, 365, 367, 369, 370, 372, 374, 375], "excluded_lines": []}, "src/utils/troubleshooting_loop.py": {"executed_lines": [2, 7, 8, 9, 10, 11, 12, 13, 14, 16, 17, 19, 24, 25, 27, 75, 95, 139, 149, 207, 254, 268, 282, 311, 328, 343, 369, 398, 424, 433], "summary": {"covered_lines": 29, "num_statements": 214, "percent_covered": 13.551401869158878, "percent_covered_display": "14", "missing_lines": 185, "excluded_lines": 0}, "missing_lines": [28, 29, 30, 31, 32, 33, 36, 37, 39, 40, 41, 42, 43, 48, 49, 50, 65, 77, 80, 86, 87, 90, 91, 93, 97, 98, 141, 142, 151, 154, 155, 159, 160, 166, 167, 170, 171, 175, 176, 182, 183, 186, 187, 190, 191, 192, 193, 194, 195, 198, 199, 202, 203, 205, 209, 210, 213, 214, 216, 217, 218, 221, 222, 225, 226, 227, 228, 229, 230, 231, 232, 235, 236, 237, 238, 239, 240, 241, 242, 244, 245, 246, 247, 248, 249, 252, 256, 258, 259, 262, 263, 264, 265, 266, 270, 272, 273, 276, 277, 278, 279, 280, 284, 286, 287, 289, 290, 291, 293, 294, 295, 298, 301, 306, 307, 308, 309, 313, 315, 317, 318, 321, 323, 324, 325, 326, 330, 332, 333, 335, 336, 338, 339, 340, 341, 345, 347, 348, 349, 351, 352, 353, 356, 357, 358, 360, 361, 362, 364, 365, 366, 367, 371, 372, 373, 375, 376, 377, 378, 380, 381, 390, 391, 393, 394, 395, 396, 400, 401, 404, 405, 406, 408, 411, 414, 415, 418, 419, 421, 422, 426, 427, 430, 435, 436], "excluded_lines": []}, "src/utils/unified_cache_manager.py": {"executed_lines": [3, 8, 9, 10, 11, 12, 13, 14, 15, 17, 19, 21, 24, 25, 27, 39, 53, 65, 74, 87, 88, 90, 91, 92, 93, 94, 96, 97, 98, 99, 102, 108, 109, 111, 112, 114, 120, 121, 122, 126, 128, 129, 130, 131, 132, 133, 134, 136, 137, 138, 139, 140, 142, 143, 144, 145, 148, 149, 150, 151, 153, 156, 157, 159, 160, 161, 163, 164, 166, 176, 180, 182, 183, 184, 186, 199, 213, 223, 233, 244, 245, 247, 248, 249, 258, 259, 260, 261, 263, 265, 268, 284, 285, 293, 295, 298, 299, 305, 310, 311, 312, 313, 315, 318, 320, 321, 322, 323, 324, 327, 333, 337, 338, 340, 342, 343, 345, 346, 347, 348, 349, 353, 354, 356, 358, 360, 361, 362, 363, 364, 368, 369, 371, 373, 375, 376, 377, 378, 379, 383, 385, 387, 388, 389, 390, 394, 396, 398, 399, 401, 408, 410, 414, 415, 416, 420, 423, 426, 427, 428, 431, 434, 435, 436, 437, 440, 443, 444, 445, 448, 449, 451, 453, 455, 458, 470], "summary": {"covered_lines": 172, "num_statements": 252, "percent_covered": 68.25396825396825, "percent_covered_display": "68", "missing_lines": 80, "excluded_lines": 5}, "missing_lines": [103, 104, 105, 115, 116, 117, 118, 123, 124, 177, 178, 181, 187, 188, 190, 191, 192, 193, 194, 195, 196, 197, 200, 201, 203, 204, 205, 206, 208, 209, 210, 211, 214, 215, 217, 218, 219, 220, 221, 224, 225, 227, 228, 229, 230, 231, 234, 235, 237, 238, 239, 240, 241, 286, 287, 288, 289, 290, 291, 306, 307, 316, 328, 329, 330, 331, 334, 335, 350, 351, 365, 366, 380, 381, 391, 392, 460, 461, 464, 466], "excluded_lines": [37, 51, 63, 72, 84]}, "src/utils/unified_logger.py": {"executed_lines": [2, 7, 8, 9, 10, 11, 12, 13, 14, 15, 16, 18, 21, 22, 25, 36, 37, 71, 72, 74, 76, 78, 79, 82, 83, 84, 87, 94, 96, 100, 101, 103, 104, 105, 106, 108, 110, 112, 115, 117, 122, 123, 125, 128, 132, 133, 136, 137, 138, 139, 142, 143, 144, 150, 151, 152, 155, 156, 163, 164, 166, 169, 170, 173, 174, 177, 178, 179, 180, 183, 184, 185, 191, 192, 193, 196, 197, 203, 204, 205, 208, 209, 215, 216, 217, 220, 221, 227, 228, 229, 232, 238, 239, 246, 247, 249, 293, 294, 296, 298, 309, 315, 324, 331, 334, 338, 339, 341, 342, 344, 345, 346, 348, 349, 351, 359, 360, 361, 363, 403, 404, 406, 422, 425, 428, 429, 430, 431, 434, 437, 438, 439, 440, 441, 443, 445, 446, 448, 450, 452, 460, 472, 487, 509, 534, 550, 571, 610, 633, 640, 643, 645, 648, 650, 654], "summary": {"covered_lines": 146, "num_statements": 279, "percent_covered": 52.32974910394265, "percent_covered_display": "52", "missing_lines": 133, "excluded_lines": 1}, "missing_lines": [39, 40, 42, 45, 46, 47, 48, 49, 50, 51, 52, 53, 54, 55, 56, 57, 58, 60, 61, 62, 63, 68, 86, 89, 90, 93, 111, 113, 129, 158, 160, 241, 243, 252, 253, 255, 266, 267, 270, 271, 274, 275, 276, 278, 286, 288, 290, 310, 317, 332, 365, 366, 368, 369, 370, 371, 372, 373, 374, 375, 376, 377, 378, 379, 381, 382, 384, 387, 388, 389, 390, 392, 394, 396, 399, 454, 455, 456, 457, 462, 470, 474, 482, 483, 485, 495, 504, 505, 507, 517, 526, 527, 529, 541, 548, 552, 568, 569, 573, 574, 576, 578, 579, 581, 583, 584, 585, 586, 589, 590, 591, 592, 593, 594, 597, 599, 600, 601, 602, 604, 605, 606, 607, 608, 612, 613, 615, 616, 624, 625, 626, 627, 629], "excluded_lines": [119]}, "src/web_app.py": {"executed_lines": [2, 7, 8, 9, 11, 14, 15, 16, 17, 18, 19, 20, 21, 23, 24, 26, 27, 28, 29, 30, 32, 33, 34, 36, 46, 49, 51, 52, 56, 57, 58, 59, 60, 63, 65, 68, 69, 79, 82, 83, 84, 85, 88, 89, 92, 95, 96, 98, 100, 101, 102, 108, 109, 110, 113, 114, 116, 118, 127, 128, 129, 131, 132, 135, 136, 141, 142, 143, 144, 145, 148, 149, 150, 155, 156, 157, 162, 163, 164, 169, 170, 172, 173, 178, 179, 180, 181, 193, 194, 195, 196, 198, 199, 201, 202, 203, 218, 223, 224, 225, 226, 228, 229, 232, 244, 249, 250, 251, 252, 254, 255, 263, 267, 270, 310, 312], "summary": {"covered_lines": 116, "num_statements": 176, "percent_covered": 65.9090909090909, "percent_covered_display": "66", "missing_lines": 60, "excluded_lines": 0}, "missing_lines": [37, 38, 39, 41, 53, 55, 70, 71, 74, 76, 77, 103, 104, 105, 133, 137, 138, 151, 152, 158, 159, 165, 166, 174, 175, 183, 184, 186, 187, 188, 189, 190, 211, 220, 221, 246, 247, 264, 265, 272, 275, 276, 277, 278, 285, 286, 287, 288, 291, 292, 294, 295, 296, 298, 299, 300, 303, 304, 306, 313], "excluded_lines": []}}, "totals": {"covered_lines": 6137, "num_statements": 28273, "percent_covered": 21.70622148339405, "percent_covered_display": "22", "missing_lines": 22136, "excluded_lines": 13}}